  L | CHIEF JO| 230.00| SNOHOMSH| 230.00|3 is missing in case PRERP1-670PVSTEP_______01.bse 
  L | CHIEF JO| 230.00| SNOHOMSH| 230.00|4 is missing in case PRERP1-670PVSTEP_______01.bse 
  L | CHIEF JO| 230.00| SNOHOMSH| 230.00|3 is missing in case PRERP1-670PVSTEP_______01.bse 
  L | CHIEF JO| 230.00| SNOHOMSH| 230.00|4 is missing in case PRERP1-670PVSTEP_______01.bse 
  L | CHIEF JO| 230.00| SNOHOMSH| 230.00|3 is missing in case PRERP1-670PVSTEP_______01.bse 
  L | CHIEF JO| 230.00| SNOHOMSH| 230.00|4 is missing in case PRERP1-670PVSTEP_______01.bse 
  L | CAPTJACK| 500.00| MERIDINP| 500.00|  is missing in case PRERP1-670PVSTEP_______01.bse 
mw0 =  RP1-670PV00_0MW.TXT
mw0 =  RP1-670PV00_0MW.TXT
mw0 =  RP1-670PV00_0MW.TXT
mw0 =  RP1-670PV00_0MW.TXT
mw0 =  RP1-670PV00_0MW.TXT
mw0 =  RP1-670PV00_0MW.TXT
mw0 =  RP1-670PV00_0MW.TXT
mw0 =  RP1-670PV00_0MW.TXT
mw0 =  RP1-670PV00_0MW.TXT
mw0 =  RP1-670PV00_0MW.TXT
mw0 =  RP1-670PV00_0MW.TXT
mw0 =  RP1-670PV00_0MW.TXT
  L | CHIEF JO| 230.00| SNOHOMSH| 230.00|3 is missing in case PRERP1-670PVSTEP_______01.bse 
  L | CHIEF JO| 230.00| SNOHOMSH| 230.00|4 is missing in case PRERP1-670PVSTEP_______01.bse 
  L | CHIEF JO| 230.00| SNOHOMSH| 230.00|3 is missing in case PRERP1-670PVSTEP_______01.bse 
  L | CHIEF JO| 230.00| SNOHOMSH| 230.00|4 is missing in case PRERP1-670PVSTEP_______01.bse 
  L | CHIEF JO| 230.00| SNOHOMSH| 230.00|3 is missing in case PRERP1-670PVSTEP_______01.bse 
  L | CHIEF JO| 230.00| SNOHOMSH| 230.00|4 is missing in case PRERP1-670PVSTEP_______01.bse 
  L | CAPTJACK| 500.00| MERIDINP| 500.00|  is missing in case PRERP1-670PVSTEP_______01.bse 
mw1 =  RP1-670PV00C0MW.TXT
  L | CHIEF JO| 230.00| SNOHOMSH| 230.00|3 is missing in case PRERP1-670PVSTEP_______02.bse 
  L | CHIEF JO| 230.00| SNOHOMSH| 230.00|4 is missing in case PRERP1-670PVSTEP_______02.bse 
  L | CHIEF JO| 230.00| SNOHOMSH| 230.00|3 is missing in case PRERP1-670PVSTEP_______02.bse 
  L | CHIEF JO| 230.00| SNOHOMSH| 230.00|4 is missing in case PRERP1-670PVSTEP_______02.bse 
  L | CHIEF JO| 230.00| SNOHOMSH| 230.00|3 is missing in case PRERP1-670PVSTEP_______02.bse 
  L | CHIEF JO| 230.00| SNOHOMSH| 230.00|4 is missing in case PRERP1-670PVSTEP_______02.bse 
  L | CAPTJACK| 500.00| MERIDINP| 500.00|  is missing in case PRERP1-670PVSTEP_______02.bse 
mw1 =  RP1-670PV00C0MW.TXT
  L | CHIEF JO| 230.00| SNOHOMSH| 230.00|3 is missing in case PRERP1-670PVSTEP_______03.bse 
  L | CHIEF JO| 230.00| SNOHOMSH| 230.00|4 is missing in case PRERP1-670PVSTEP_______03.bse 
  L | CHIEF JO| 230.00| SNOHOMSH| 230.00|3 is missing in case PRERP1-670PVSTEP_______03.bse 
  L | CHIEF JO| 230.00| SNOHOMSH| 230.00|4 is missing in case PRERP1-670PVSTEP_______03.bse 
  L | CHIEF JO| 230.00| SNOHOMSH| 230.00|3 is missing in case PRERP1-670PVSTEP_______03.bse 
  L | CHIEF JO| 230.00| SNOHOMSH| 230.00|4 is missing in case PRERP1-670PVSTEP_______03.bse 
  L | CAPTJACK| 500.00| MERIDINP| 500.00|  is missing in case PRERP1-670PVSTEP_______03.bse 
mw1 =  RP1-670PV00C0MW.TXT
  L | CHIEF JO| 230.00| SNOHOMSH| 230.00|3 is missing in case PRERP1-670PVSTEP_______04.bse 
  L | CHIEF JO| 230.00| SNOHOMSH| 230.00|4 is missing in case PRERP1-670PVSTEP_______04.bse 
  L | CHIEF JO| 230.00| SNOHOMSH| 230.00|3 is missing in case PRERP1-670PVSTEP_______04.bse 
  L | CHIEF JO| 230.00| SNOHOMSH| 230.00|4 is missing in case PRERP1-670PVSTEP_______04.bse 
  L | CHIEF JO| 230.00| SNOHOMSH| 230.00|3 is missing in case PRERP1-670PVSTEP_______04.bse 
  L | CHIEF JO| 230.00| SNOHOMSH| 230.00|4 is missing in case PRERP1-670PVSTEP_______04.bse 
  L | CAPTJACK| 500.00| MERIDINP| 500.00|  is missing in case PRERP1-670PVSTEP_______04.bse 
mw1 =  RP1-670PV00C0MW.TXT
  L | CHIEF JO| 230.00| SNOHOMSH| 230.00|3 is missing in case PRERP1-670PVSTEP_______05.bse 
  L | CHIEF JO| 230.00| SNOHOMSH| 230.00|4 is missing in case PRERP1-670PVSTEP_______05.bse 
  L | CHIEF JO| 230.00| SNOHOMSH| 230.00|3 is missing in case PRERP1-670PVSTEP_______05.bse 
  L | CHIEF JO| 230.00| SNOHOMSH| 230.00|4 is missing in case PRERP1-670PVSTEP_______05.bse 
  L | CHIEF JO| 230.00| SNOHOMSH| 230.00|3 is missing in case PRERP1-670PVSTEP_______05.bse 
  L | CHIEF JO| 230.00| SNOHOMSH| 230.00|4 is missing in case PRERP1-670PVSTEP_______05.bse 
  L | CAPTJACK| 500.00| MERIDINP| 500.00|  is missing in case PRERP1-670PVSTEP_______05.bse 
mw1 =  RP1-670PV00C0MW.TXT
  L | CHIEF JO| 230.00| SNOHOMSH| 230.00|3 is missing in case PRERP1-670PVSTEP_______06.bse 
  L | CHIEF JO| 230.00| SNOHOMSH| 230.00|4 is missing in case PRERP1-670PVSTEP_______06.bse 
  L | CHIEF JO| 230.00| SNOHOMSH| 230.00|3 is missing in case PRERP1-670PVSTEP_______06.bse 
  L | CHIEF JO| 230.00| SNOHOMSH| 230.00|4 is missing in case PRERP1-670PVSTEP_______06.bse 
  L | CHIEF JO| 230.00| SNOHOMSH| 230.00|3 is missing in case PRERP1-670PVSTEP_______06.bse 
  L | CHIEF JO| 230.00| SNOHOMSH| 230.00|4 is missing in case PRERP1-670PVSTEP_______06.bse 
  L | CAPTJACK| 500.00| MERIDINP| 500.00|  is missing in case PRERP1-670PVSTEP_______06.bse 
mw1 =  RP1-670PV00C0MW.TXT
  L | CHIEF JO| 230.00| SNOHOMSH| 230.00|3 is missing in case PRERP1-670PVSTEP_______07.bse 
  L | CHIEF JO| 230.00| SNOHOMSH| 230.00|4 is missing in case PRERP1-670PVSTEP_______07.bse 
  L | CHIEF JO| 230.00| SNOHOMSH| 230.00|3 is missing in case PRERP1-670PVSTEP_______07.bse 
  L | CHIEF JO| 230.00| SNOHOMSH| 230.00|4 is missing in case PRERP1-670PVSTEP_______07.bse 
  L | CHIEF JO| 230.00| SNOHOMSH| 230.00|3 is missing in case PRERP1-670PVSTEP_______07.bse 
  L | CHIEF JO| 230.00| SNOHOMSH| 230.00|4 is missing in case PRERP1-670PVSTEP_______07.bse 
  L | CAPTJACK| 500.00| MERIDINP| 500.00|  is missing in case PRERP1-670PVSTEP_______07.bse 
mw1 =  RP1-670PV00C0MW.TXT
  L | CHIEF JO| 230.00| SNOHOMSH| 230.00|3 is missing in case PRERP1-670PVSTEP_______08.bse 
  L | CHIEF JO| 230.00| SNOHOMSH| 230.00|4 is missing in case PRERP1-670PVSTEP_______08.bse 
  L | CHIEF JO| 230.00| SNOHOMSH| 230.00|3 is missing in case PRERP1-670PVSTEP_______08.bse 
  L | CHIEF JO| 230.00| SNOHOMSH| 230.00|4 is missing in case PRERP1-670PVSTEP_______08.bse 
  L | CHIEF JO| 230.00| SNOHOMSH| 230.00|3 is missing in case PRERP1-670PVSTEP_______08.bse 
  L | CHIEF JO| 230.00| SNOHOMSH| 230.00|4 is missing in case PRERP1-670PVSTEP_______08.bse 
  L | CAPTJACK| 500.00| MERIDINP| 500.00|  is missing in case PRERP1-670PVSTEP_______08.bse 
mw1 =  RP1-670PV00C0MW.TXT
  L | CHIEF JO| 230.00| SNOHOMSH| 230.00|3 is missing in case PRERP1-670PVSTEP_______09.bse 
  L | CHIEF JO| 230.00| SNOHOMSH| 230.00|4 is missing in case PRERP1-670PVSTEP_______09.bse 
  L | CHIEF JO| 230.00| SNOHOMSH| 230.00|3 is missing in case PRERP1-670PVSTEP_______09.bse 
  L | CHIEF JO| 230.00| SNOHOMSH| 230.00|4 is missing in case PRERP1-670PVSTEP_______09.bse 
  L | CHIEF JO| 230.00| SNOHOMSH| 230.00|3 is missing in case PRERP1-670PVSTEP_______09.bse 
  L | CHIEF JO| 230.00| SNOHOMSH| 230.00|4 is missing in case PRERP1-670PVSTEP_______09.bse 
  L | CAPTJACK| 500.00| MERIDINP| 500.00|  is missing in case PRERP1-670PVSTEP_______09.bse 
mw1 =  RP1-670PV00C0MW.TXT
  L | CHIEF JO| 230.00| SNOHOMSH| 230.00|3 is missing in case PRERP1-670PVSTEP_______10.bse 
  L | CHIEF JO| 230.00| SNOHOMSH| 230.00|4 is missing in case PRERP1-670PVSTEP_______10.bse 
  L | CHIEF JO| 230.00| SNOHOMSH| 230.00|3 is missing in case PRERP1-670PVSTEP_______10.bse 
  L | CHIEF JO| 230.00| SNOHOMSH| 230.00|4 is missing in case PRERP1-670PVSTEP_______10.bse 
  L | CHIEF JO| 230.00| SNOHOMSH| 230.00|3 is missing in case PRERP1-670PVSTEP_______10.bse 
  L | CHIEF JO| 230.00| SNOHOMSH| 230.00|4 is missing in case PRERP1-670PVSTEP_______10.bse 
  L | CAPTJACK| 500.00| MERIDINP| 500.00|  is missing in case PRERP1-670PVSTEP_______10.bse 
mw1 =  RP1-670PV00C0MW.TXT
  L | CHIEF JO| 230.00| SNOHOMSH| 230.00|3 is missing in case PRERP1-670PVSTEP_______11.bse 
  L | CHIEF JO| 230.00| SNOHOMSH| 230.00|4 is missing in case PRERP1-670PVSTEP_______11.bse 
  L | CHIEF JO| 230.00| SNOHOMSH| 230.00|3 is missing in case PRERP1-670PVSTEP_______11.bse 
  L | CHIEF JO| 230.00| SNOHOMSH| 230.00|4 is missing in case PRERP1-670PVSTEP_______11.bse 
  L | CHIEF JO| 230.00| SNOHOMSH| 230.00|3 is missing in case PRERP1-670PVSTEP_______11.bse 
  L | CHIEF JO| 230.00| SNOHOMSH| 230.00|4 is missing in case PRERP1-670PVSTEP_______11.bse 
  L | CAPTJACK| 500.00| MERIDINP| 500.00|  is missing in case PRERP1-670PVSTEP_______11.bse 
mw1 =  RP1-670PV00C0MW.TXT
  L | CHIEF JO| 230.00| SNOHOMSH| 230.00|3 is missing in case PRERP1-670PVSTEP_______12.bse 
  L | CHIEF JO| 230.00| SNOHOMSH| 230.00|4 is missing in case PRERP1-670PVSTEP_______12.bse 
  L | CHIEF JO| 230.00| SNOHOMSH| 230.00|3 is missing in case PRERP1-670PVSTEP_______12.bse 
  L | CHIEF JO| 230.00| SNOHOMSH| 230.00|4 is missing in case PRERP1-670PVSTEP_______12.bse 
  L | CHIEF JO| 230.00| SNOHOMSH| 230.00|3 is missing in case PRERP1-670PVSTEP_______12.bse 
  L | CHIEF JO| 230.00| SNOHOMSH| 230.00|4 is missing in case PRERP1-670PVSTEP_______12.bse 
  L | CAPTJACK| 500.00| MERIDINP| 500.00|  is missing in case PRERP1-670PVSTEP_______12.bse 
mw1 =  RP1-670PV00C0MW.TXT
  L | BUCKLEY | 500.00| MARION  | 500.00|1 is missing in case PRERP1-670PVSTEP_______01.bse 
  L | CHIEF JO| 230.00| SNOHOMSH| 230.00|3 is missing in case PRERP1-670PVSTEP_______01.bse 
  L | CHIEF JO| 230.00| SNOHOMSH| 230.00|4 is missing in case PRERP1-670PVSTEP_______01.bse 
  L | BUCKLEY | 500.00| MARION  | 500.00|1 is missing in case PRERP1-670PVSTEP_______01.bse 
  L | CHIEF JO| 230.00| SNOHOMSH| 230.00|3 is missing in case PRERP1-670PVSTEP_______01.bse 
  L | CHIEF JO| 230.00| SNOHOMSH| 230.00|4 is missing in case PRERP1-670PVSTEP_______01.bse 
  L | CHIEF JO| 230.00| SNOHOMSH| 230.00|3 is missing in case PRERP1-670PVSTEP_______01.bse 
  L | CHIEF JO| 230.00| SNOHOMSH| 230.00|4 is missing in case PRERP1-670PVSTEP_______01.bse 
  L | BUCKLEY | 500.00| MARION  | 500.00|1 is missing in case PRERP1-670PVSTEP_______01.bse 
  L | CAPTJACK| 500.00| MERIDINP| 500.00|  is missing in case PRERP1-670PVSTEP_______01.bse 
mw1 =  RP1-670PV00C1MW.TXT
  L | BUCKLEY | 500.00| MARION  | 500.00|1 is missing in case PRERP1-670PVSTEP_______02.bse 
  L | CHIEF JO| 230.00| SNOHOMSH| 230.00|3 is missing in case PRERP1-670PVSTEP_______02.bse 
  L | CHIEF JO| 230.00| SNOHOMSH| 230.00|4 is missing in case PRERP1-670PVSTEP_______02.bse 
  L | BUCKLEY | 500.00| MARION  | 500.00|1 is missing in case PRERP1-670PVSTEP_______02.bse 
  L | CHIEF JO| 230.00| SNOHOMSH| 230.00|3 is missing in case PRERP1-670PVSTEP_______02.bse 
  L | CHIEF JO| 230.00| SNOHOMSH| 230.00|4 is missing in case PRERP1-670PVSTEP_______02.bse 
  L | CHIEF JO| 230.00| SNOHOMSH| 230.00|3 is missing in case PRERP1-670PVSTEP_______02.bse 
  L | CHIEF JO| 230.00| SNOHOMSH| 230.00|4 is missing in case PRERP1-670PVSTEP_______02.bse 
  L | BUCKLEY | 500.00| MARION  | 500.00|1 is missing in case PRERP1-670PVSTEP_______02.bse 
  L | CAPTJACK| 500.00| MERIDINP| 500.00|  is missing in case PRERP1-670PVSTEP_______02.bse 
mw1 =  RP1-670PV00C1MW.TXT
  L | BUCKLEY | 500.00| MARION  | 500.00|1 is missing in case PRERP1-670PVSTEP_______03.bse 
  L | CHIEF JO| 230.00| SNOHOMSH| 230.00|3 is missing in case PRERP1-670PVSTEP_______03.bse 
  L | CHIEF JO| 230.00| SNOHOMSH| 230.00|4 is missing in case PRERP1-670PVSTEP_______03.bse 
  L | BUCKLEY | 500.00| MARION  | 500.00|1 is missing in case PRERP1-670PVSTEP_______03.bse 
  L | CHIEF JO| 230.00| SNOHOMSH| 230.00|3 is missing in case PRERP1-670PVSTEP_______03.bse 
  L | CHIEF JO| 230.00| SNOHOMSH| 230.00|4 is missing in case PRERP1-670PVSTEP_______03.bse 
  L | CHIEF JO| 230.00| SNOHOMSH| 230.00|3 is missing in case PRERP1-670PVSTEP_______03.bse 
  L | CHIEF JO| 230.00| SNOHOMSH| 230.00|4 is missing in case PRERP1-670PVSTEP_______03.bse 
  L | BUCKLEY | 500.00| MARION  | 500.00|1 is missing in case PRERP1-670PVSTEP_______03.bse 
  L | CAPTJACK| 500.00| MERIDINP| 500.00|  is missing in case PRERP1-670PVSTEP_______03.bse 
mw1 =  RP1-670PV00C1MW.TXT
  L | BUCKLEY | 500.00| MARION  | 500.00|1 is missing in case PRERP1-670PVSTEP_______04.bse 
  L | CHIEF JO| 230.00| SNOHOMSH| 230.00|3 is missing in case PRERP1-670PVSTEP_______04.bse 
  L | CHIEF JO| 230.00| SNOHOMSH| 230.00|4 is missing in case PRERP1-670PVSTEP_______04.bse 
  L | BUCKLEY | 500.00| MARION  | 500.00|1 is missing in case PRERP1-670PVSTEP_______04.bse 
  L | CHIEF JO| 230.00| SNOHOMSH| 230.00|3 is missing in case PRERP1-670PVSTEP_______04.bse 
  L | CHIEF JO| 230.00| SNOHOMSH| 230.00|4 is missing in case PRERP1-670PVSTEP_______04.bse 
  L | CHIEF JO| 230.00| SNOHOMSH| 230.00|3 is missing in case PRERP1-670PVSTEP_______04.bse 
  L | CHIEF JO| 230.00| SNOHOMSH| 230.00|4 is missing in case PRERP1-670PVSTEP_______04.bse 
  L | BUCKLEY | 500.00| MARION  | 500.00|1 is missing in case PRERP1-670PVSTEP_______04.bse 
  L | CAPTJACK| 500.00| MERIDINP| 500.00|  is missing in case PRERP1-670PVSTEP_______04.bse 
mw1 =  RP1-670PV00C1MW.TXT
  L | BUCKLEY | 500.00| MARION  | 500.00|1 is missing in case PRERP1-670PVSTEP_______05.bse 
  L | CHIEF JO| 230.00| SNOHOMSH| 230.00|3 is missing in case PRERP1-670PVSTEP_______05.bse 
  L | CHIEF JO| 230.00| SNOHOMSH| 230.00|4 is missing in case PRERP1-670PVSTEP_______05.bse 
  L | BUCKLEY | 500.00| MARION  | 500.00|1 is missing in case PRERP1-670PVSTEP_______05.bse 
  L | CHIEF JO| 230.00| SNOHOMSH| 230.00|3 is missing in case PRERP1-670PVSTEP_______05.bse 
  L | CHIEF JO| 230.00| SNOHOMSH| 230.00|4 is missing in case PRERP1-670PVSTEP_______05.bse 
  L | CHIEF JO| 230.00| SNOHOMSH| 230.00|3 is missing in case PRERP1-670PVSTEP_______05.bse 
  L | CHIEF JO| 230.00| SNOHOMSH| 230.00|4 is missing in case PRERP1-670PVSTEP_______05.bse 
  L | BUCKLEY | 500.00| MARION  | 500.00|1 is missing in case PRERP1-670PVSTEP_______05.bse 
  L | CAPTJACK| 500.00| MERIDINP| 500.00|  is missing in case PRERP1-670PVSTEP_______05.bse 
mw1 =  RP1-670PV00C1MW.TXT
  L | BUCKLEY | 500.00| MARION  | 500.00|1 is missing in case PRERP1-670PVSTEP_______06.bse 
  L | CHIEF JO| 230.00| SNOHOMSH| 230.00|3 is missing in case PRERP1-670PVSTEP_______06.bse 
  L | CHIEF JO| 230.00| SNOHOMSH| 230.00|4 is missing in case PRERP1-670PVSTEP_______06.bse 
  L | BUCKLEY | 500.00| MARION  | 500.00|1 is missing in case PRERP1-670PVSTEP_______06.bse 
  L | CHIEF JO| 230.00| SNOHOMSH| 230.00|3 is missing in case PRERP1-670PVSTEP_______06.bse 
  L | CHIEF JO| 230.00| SNOHOMSH| 230.00|4 is missing in case PRERP1-670PVSTEP_______06.bse 
  L | CHIEF JO| 230.00| SNOHOMSH| 230.00|3 is missing in case PRERP1-670PVSTEP_______06.bse 
  L | CHIEF JO| 230.00| SNOHOMSH| 230.00|4 is missing in case PRERP1-670PVSTEP_______06.bse 
  L | BUCKLEY | 500.00| MARION  | 500.00|1 is missing in case PRERP1-670PVSTEP_______06.bse 
  L | CAPTJACK| 500.00| MERIDINP| 500.00|  is missing in case PRERP1-670PVSTEP_______06.bse 
mw1 =  RP1-670PV00C1MW.TXT
  L | BUCKLEY | 500.00| MARION  | 500.00|1 is missing in case PRERP1-670PVSTEP_______07.bse 
  L | CHIEF JO| 230.00| SNOHOMSH| 230.00|3 is missing in case PRERP1-670PVSTEP_______07.bse 
  L | CHIEF JO| 230.00| SNOHOMSH| 230.00|4 is missing in case PRERP1-670PVSTEP_______07.bse 
  L | BUCKLEY | 500.00| MARION  | 500.00|1 is missing in case PRERP1-670PVSTEP_______07.bse 
  L | CHIEF JO| 230.00| SNOHOMSH| 230.00|3 is missing in case PRERP1-670PVSTEP_______07.bse 
  L | CHIEF JO| 230.00| SNOHOMSH| 230.00|4 is missing in case PRERP1-670PVSTEP_______07.bse 
  L | CHIEF JO| 230.00| SNOHOMSH| 230.00|3 is missing in case PRERP1-670PVSTEP_______07.bse 
  L | CHIEF JO| 230.00| SNOHOMSH| 230.00|4 is missing in case PRERP1-670PVSTEP_______07.bse 
  L | BUCKLEY | 500.00| MARION  | 500.00|1 is missing in case PRERP1-670PVSTEP_______07.bse 
  L | CAPTJACK| 500.00| MERIDINP| 500.00|  is missing in case PRERP1-670PVSTEP_______07.bse 
mw1 =  RP1-670PV00C1MW.TXT
  L | BUCKLEY | 500.00| MARION  | 500.00|1 is missing in case PRERP1-670PVSTEP_______08.bse 
  L | CHIEF JO| 230.00| SNOHOMSH| 230.00|3 is missing in case PRERP1-670PVSTEP_______08.bse 
  L | CHIEF JO| 230.00| SNOHOMSH| 230.00|4 is missing in case PRERP1-670PVSTEP_______08.bse 
  L | BUCKLEY | 500.00| MARION  | 500.00|1 is missing in case PRERP1-670PVSTEP_______08.bse 
  L | CHIEF JO| 230.00| SNOHOMSH| 230.00|3 is missing in case PRERP1-670PVSTEP_______08.bse 
  L | CHIEF JO| 230.00| SNOHOMSH| 230.00|4 is missing in case PRERP1-670PVSTEP_______08.bse 
  L | CHIEF JO| 230.00| SNOHOMSH| 230.00|3 is missing in case PRERP1-670PVSTEP_______08.bse 
  L | CHIEF JO| 230.00| SNOHOMSH| 230.00|4 is missing in case PRERP1-670PVSTEP_______08.bse 
  L | BUCKLEY | 500.00| MARION  | 500.00|1 is missing in case PRERP1-670PVSTEP_______08.bse 
  L | CAPTJACK| 500.00| MERIDINP| 500.00|  is missing in case PRERP1-670PVSTEP_______08.bse 
mw1 =  RP1-670PV00C1MW.TXT
  L | BUCKLEY | 500.00| MARION  | 500.00|1 is missing in case PRERP1-670PVSTEP_______09.bse 
  L | CHIEF JO| 230.00| SNOHOMSH| 230.00|3 is missing in case PRERP1-670PVSTEP_______09.bse 
  L | CHIEF JO| 230.00| SNOHOMSH| 230.00|4 is missing in case PRERP1-670PVSTEP_______09.bse 
  L | BUCKLEY | 500.00| MARION  | 500.00|1 is missing in case PRERP1-670PVSTEP_______09.bse 
  L | CHIEF JO| 230.00| SNOHOMSH| 230.00|3 is missing in case PRERP1-670PVSTEP_______09.bse 
  L | CHIEF JO| 230.00| SNOHOMSH| 230.00|4 is missing in case PRERP1-670PVSTEP_______09.bse 
  L | CHIEF JO| 230.00| SNOHOMSH| 230.00|3 is missing in case PRERP1-670PVSTEP_______09.bse 
  L | CHIEF JO| 230.00| SNOHOMSH| 230.00|4 is missing in case PRERP1-670PVSTEP_______09.bse 
  L | BUCKLEY | 500.00| MARION  | 500.00|1 is missing in case PRERP1-670PVSTEP_______09.bse 
  L | CAPTJACK| 500.00| MERIDINP| 500.00|  is missing in case PRERP1-670PVSTEP_______09.bse 
mw1 =  RP1-670PV00C1MW.TXT
  L | BUCKLEY | 500.00| MARION  | 500.00|1 is missing in case PRERP1-670PVSTEP_______10.bse 
  L | CHIEF JO| 230.00| SNOHOMSH| 230.00|3 is missing in case PRERP1-670PVSTEP_______10.bse 
  L | CHIEF JO| 230.00| SNOHOMSH| 230.00|4 is missing in case PRERP1-670PVSTEP_______10.bse 
  L | BUCKLEY | 500.00| MARION  | 500.00|1 is missing in case PRERP1-670PVSTEP_______10.bse 
  L | CHIEF JO| 230.00| SNOHOMSH| 230.00|3 is missing in case PRERP1-670PVSTEP_______10.bse 
  L | CHIEF JO| 230.00| SNOHOMSH| 230.00|4 is missing in case PRERP1-670PVSTEP_______10.bse 
  L | CHIEF JO| 230.00| SNOHOMSH| 230.00|3 is missing in case PRERP1-670PVSTEP_______10.bse 
  L | CHIEF JO| 230.00| SNOHOMSH| 230.00|4 is missing in case PRERP1-670PVSTEP_______10.bse 
  L | BUCKLEY | 500.00| MARION  | 500.00|1 is missing in case PRERP1-670PVSTEP_______10.bse 
  L | CAPTJACK| 500.00| MERIDINP| 500.00|  is missing in case PRERP1-670PVSTEP_______10.bse 
mw1 =  RP1-670PV00C1MW.TXT
  L | BUCKLEY | 500.00| MARION  | 500.00|1 is missing in case PRERP1-670PVSTEP_______11.bse 
  L | CHIEF JO| 230.00| SNOHOMSH| 230.00|3 is missing in case PRERP1-670PVSTEP_______11.bse 
  L | CHIEF JO| 230.00| SNOHOMSH| 230.00|4 is missing in case PRERP1-670PVSTEP_______11.bse 
  L | BUCKLEY | 500.00| MARION  | 500.00|1 is missing in case PRERP1-670PVSTEP_______11.bse 
  L | CHIEF JO| 230.00| SNOHOMSH| 230.00|3 is missing in case PRERP1-670PVSTEP_______11.bse 
  L | CHIEF JO| 230.00| SNOHOMSH| 230.00|4 is missing in case PRERP1-670PVSTEP_______11.bse 
  L | CHIEF JO| 230.00| SNOHOMSH| 230.00|3 is missing in case PRERP1-670PVSTEP_______11.bse 
  L | CHIEF JO| 230.00| SNOHOMSH| 230.00|4 is missing in case PRERP1-670PVSTEP_______11.bse 
  L | BUCKLEY | 500.00| MARION  | 500.00|1 is missing in case PRERP1-670PVSTEP_______11.bse 
  L | CAPTJACK| 500.00| MERIDINP| 500.00|  is missing in case PRERP1-670PVSTEP_______11.bse 
mw1 =  RP1-670PV00C1MW.TXT
  L | BUCKLEY | 500.00| MARION  | 500.00|1 is missing in case PRERP1-670PVSTEP_______12.bse 
  L | CHIEF JO| 230.00| SNOHOMSH| 230.00|3 is missing in case PRERP1-670PVSTEP_______12.bse 
  L | CHIEF JO| 230.00| SNOHOMSH| 230.00|4 is missing in case PRERP1-670PVSTEP_______12.bse 
  L | BUCKLEY | 500.00| MARION  | 500.00|1 is missing in case PRERP1-670PVSTEP_______12.bse 
  L | CHIEF JO| 230.00| SNOHOMSH| 230.00|3 is missing in case PRERP1-670PVSTEP_______12.bse 
  L | CHIEF JO| 230.00| SNOHOMSH| 230.00|4 is missing in case PRERP1-670PVSTEP_______12.bse 
  L | CHIEF JO| 230.00| SNOHOMSH| 230.00|3 is missing in case PRERP1-670PVSTEP_______12.bse 
  L | CHIEF JO| 230.00| SNOHOMSH| 230.00|4 is missing in case PRERP1-670PVSTEP_______12.bse 
  L | BUCKLEY | 500.00| MARION  | 500.00|1 is missing in case PRERP1-670PVSTEP_______12.bse 
  L | CAPTJACK| 500.00| MERIDINP| 500.00|  is missing in case PRERP1-670PVSTEP_______12.bse 
mw1 =  RP1-670PV00C1MW.TXT
  L | JOHN DAY| 500.00| MARION  | 500.00|1 is missing in case PRERP1-670PVSTEP_______01.bse 
  L | CHIEF JO| 230.00| SNOHOMSH| 230.00|3 is missing in case PRERP1-670PVSTEP_______01.bse 
  L | CHIEF JO| 230.00| SNOHOMSH| 230.00|4 is missing in case PRERP1-670PVSTEP_______01.bse 
  L | JOHN DAY| 500.00| MARION  | 500.00|1 is missing in case PRERP1-670PVSTEP_______01.bse 
  L | CHIEF JO| 230.00| SNOHOMSH| 230.00|3 is missing in case PRERP1-670PVSTEP_______01.bse 
  L | CHIEF JO| 230.00| SNOHOMSH| 230.00|4 is missing in case PRERP1-670PVSTEP_______01.bse 
  L | CHIEF JO| 230.00| SNOHOMSH| 230.00|3 is missing in case PRERP1-670PVSTEP_______01.bse 
  L | CHIEF JO| 230.00| SNOHOMSH| 230.00|4 is missing in case PRERP1-670PVSTEP_______01.bse 
  L | JOHN DAY| 500.00| MARION  | 500.00|1 is missing in case PRERP1-670PVSTEP_______01.bse 
  L | CAPTJACK| 500.00| MERIDINP| 500.00|  is missing in case PRERP1-670PVSTEP_______01.bse 
mw1 =  RP1-670PV00C2MW.TXT
  L | JOHN DAY| 500.00| MARION  | 500.00|1 is missing in case PRERP1-670PVSTEP_______02.bse 
  L | CHIEF JO| 230.00| SNOHOMSH| 230.00|3 is missing in case PRERP1-670PVSTEP_______02.bse 
  L | CHIEF JO| 230.00| SNOHOMSH| 230.00|4 is missing in case PRERP1-670PVSTEP_______02.bse 
  L | JOHN DAY| 500.00| MARION  | 500.00|1 is missing in case PRERP1-670PVSTEP_______02.bse 
  L | CHIEF JO| 230.00| SNOHOMSH| 230.00|3 is missing in case PRERP1-670PVSTEP_______02.bse 
  L | CHIEF JO| 230.00| SNOHOMSH| 230.00|4 is missing in case PRERP1-670PVSTEP_______02.bse 
  L | CHIEF JO| 230.00| SNOHOMSH| 230.00|3 is missing in case PRERP1-670PVSTEP_______02.bse 
  L | CHIEF JO| 230.00| SNOHOMSH| 230.00|4 is missing in case PRERP1-670PVSTEP_______02.bse 
  L | JOHN DAY| 500.00| MARION  | 500.00|1 is missing in case PRERP1-670PVSTEP_______02.bse 
  L | CAPTJACK| 500.00| MERIDINP| 500.00|  is missing in case PRERP1-670PVSTEP_______02.bse 
mw1 =  RP1-670PV00C2MW.TXT
  L | JOHN DAY| 500.00| MARION  | 500.00|1 is missing in case PRERP1-670PVSTEP_______03.bse 
  L | CHIEF JO| 230.00| SNOHOMSH| 230.00|3 is missing in case PRERP1-670PVSTEP_______03.bse 
  L | CHIEF JO| 230.00| SNOHOMSH| 230.00|4 is missing in case PRERP1-670PVSTEP_______03.bse 
  L | JOHN DAY| 500.00| MARION  | 500.00|1 is missing in case PRERP1-670PVSTEP_______03.bse 
  L | CHIEF JO| 230.00| SNOHOMSH| 230.00|3 is missing in case PRERP1-670PVSTEP_______03.bse 
  L | CHIEF JO| 230.00| SNOHOMSH| 230.00|4 is missing in case PRERP1-670PVSTEP_______03.bse 
  L | CHIEF JO| 230.00| SNOHOMSH| 230.00|3 is missing in case PRERP1-670PVSTEP_______03.bse 
  L | CHIEF JO| 230.00| SNOHOMSH| 230.00|4 is missing in case PRERP1-670PVSTEP_______03.bse 
  L | JOHN DAY| 500.00| MARION  | 500.00|1 is missing in case PRERP1-670PVSTEP_______03.bse 
  L | CAPTJACK| 500.00| MERIDINP| 500.00|  is missing in case PRERP1-670PVSTEP_______03.bse 
mw1 =  RP1-670PV00C2MW.TXT
  L | JOHN DAY| 500.00| MARION  | 500.00|1 is missing in case PRERP1-670PVSTEP_______04.bse 
  L | CHIEF JO| 230.00| SNOHOMSH| 230.00|3 is missing in case PRERP1-670PVSTEP_______04.bse 
  L | CHIEF JO| 230.00| SNOHOMSH| 230.00|4 is missing in case PRERP1-670PVSTEP_______04.bse 
  L | JOHN DAY| 500.00| MARION  | 500.00|1 is missing in case PRERP1-670PVSTEP_______04.bse 
  L | CHIEF JO| 230.00| SNOHOMSH| 230.00|3 is missing in case PRERP1-670PVSTEP_______04.bse 
  L | CHIEF JO| 230.00| SNOHOMSH| 230.00|4 is missing in case PRERP1-670PVSTEP_______04.bse 
  L | CHIEF JO| 230.00| SNOHOMSH| 230.00|3 is missing in case PRERP1-670PVSTEP_______04.bse 
  L | CHIEF JO| 230.00| SNOHOMSH| 230.00|4 is missing in case PRERP1-670PVSTEP_______04.bse 
  L | JOHN DAY| 500.00| MARION  | 500.00|1 is missing in case PRERP1-670PVSTEP_______04.bse 
  L | CAPTJACK| 500.00| MERIDINP| 500.00|  is missing in case PRERP1-670PVSTEP_______04.bse 
mw1 =  RP1-670PV00C2MW.TXT
  L | JOHN DAY| 500.00| MARION  | 500.00|1 is missing in case PRERP1-670PVSTEP_______05.bse 
  L | CHIEF JO| 230.00| SNOHOMSH| 230.00|3 is missing in case PRERP1-670PVSTEP_______05.bse 
  L | CHIEF JO| 230.00| SNOHOMSH| 230.00|4 is missing in case PRERP1-670PVSTEP_______05.bse 
  L | JOHN DAY| 500.00| MARION  | 500.00|1 is missing in case PRERP1-670PVSTEP_______05.bse 
  L | CHIEF JO| 230.00| SNOHOMSH| 230.00|3 is missing in case PRERP1-670PVSTEP_______05.bse 
  L | CHIEF JO| 230.00| SNOHOMSH| 230.00|4 is missing in case PRERP1-670PVSTEP_______05.bse 
  L | CHIEF JO| 230.00| SNOHOMSH| 230.00|3 is missing in case PRERP1-670PVSTEP_______05.bse 
  L | CHIEF JO| 230.00| SNOHOMSH| 230.00|4 is missing in case PRERP1-670PVSTEP_______05.bse 
  L | JOHN DAY| 500.00| MARION  | 500.00|1 is missing in case PRERP1-670PVSTEP_______05.bse 
  L | CAPTJACK| 500.00| MERIDINP| 500.00|  is missing in case PRERP1-670PVSTEP_______05.bse 
mw1 =  RP1-670PV00C2MW.TXT
  L | JOHN DAY| 500.00| MARION  | 500.00|1 is missing in case PRERP1-670PVSTEP_______06.bse 
  L | CHIEF JO| 230.00| SNOHOMSH| 230.00|3 is missing in case PRERP1-670PVSTEP_______06.bse 
  L | CHIEF JO| 230.00| SNOHOMSH| 230.00|4 is missing in case PRERP1-670PVSTEP_______06.bse 
  L | JOHN DAY| 500.00| MARION  | 500.00|1 is missing in case PRERP1-670PVSTEP_______06.bse 
  L | CHIEF JO| 230.00| SNOHOMSH| 230.00|3 is missing in case PRERP1-670PVSTEP_______06.bse 
  L | CHIEF JO| 230.00| SNOHOMSH| 230.00|4 is missing in case PRERP1-670PVSTEP_______06.bse 
  L | CHIEF JO| 230.00| SNOHOMSH| 230.00|3 is missing in case PRERP1-670PVSTEP_______06.bse 
  L | CHIEF JO| 230.00| SNOHOMSH| 230.00|4 is missing in case PRERP1-670PVSTEP_______06.bse 
  L | JOHN DAY| 500.00| MARION  | 500.00|1 is missing in case PRERP1-670PVSTEP_______06.bse 
  L | CAPTJACK| 500.00| MERIDINP| 500.00|  is missing in case PRERP1-670PVSTEP_______06.bse 
mw1 =  RP1-670PV00C2MW.TXT
  L | JOHN DAY| 500.00| MARION  | 500.00|1 is missing in case PRERP1-670PVSTEP_______07.bse 
  L | CHIEF JO| 230.00| SNOHOMSH| 230.00|3 is missing in case PRERP1-670PVSTEP_______07.bse 
  L | CHIEF JO| 230.00| SNOHOMSH| 230.00|4 is missing in case PRERP1-670PVSTEP_______07.bse 
  L | JOHN DAY| 500.00| MARION  | 500.00|1 is missing in case PRERP1-670PVSTEP_______07.bse 
  L | CHIEF JO| 230.00| SNOHOMSH| 230.00|3 is missing in case PRERP1-670PVSTEP_______07.bse 
  L | CHIEF JO| 230.00| SNOHOMSH| 230.00|4 is missing in case PRERP1-670PVSTEP_______07.bse 
  L | CHIEF JO| 230.00| SNOHOMSH| 230.00|3 is missing in case PRERP1-670PVSTEP_______07.bse 
  L | CHIEF JO| 230.00| SNOHOMSH| 230.00|4 is missing in case PRERP1-670PVSTEP_______07.bse 
  L | JOHN DAY| 500.00| MARION  | 500.00|1 is missing in case PRERP1-670PVSTEP_______07.bse 
  L | CAPTJACK| 500.00| MERIDINP| 500.00|  is missing in case PRERP1-670PVSTEP_______07.bse 
mw1 =  RP1-670PV00C2MW.TXT
  L | JOHN DAY| 500.00| MARION  | 500.00|1 is missing in case PRERP1-670PVSTEP_______08.bse 
  L | CHIEF JO| 230.00| SNOHOMSH| 230.00|3 is missing in case PRERP1-670PVSTEP_______08.bse 
  L | CHIEF JO| 230.00| SNOHOMSH| 230.00|4 is missing in case PRERP1-670PVSTEP_______08.bse 
  L | JOHN DAY| 500.00| MARION  | 500.00|1 is missing in case PRERP1-670PVSTEP_______08.bse 
  L | CHIEF JO| 230.00| SNOHOMSH| 230.00|3 is missing in case PRERP1-670PVSTEP_______08.bse 
  L | CHIEF JO| 230.00| SNOHOMSH| 230.00|4 is missing in case PRERP1-670PVSTEP_______08.bse 
  L | CHIEF JO| 230.00| SNOHOMSH| 230.00|3 is missing in case PRERP1-670PVSTEP_______08.bse 
  L | CHIEF JO| 230.00| SNOHOMSH| 230.00|4 is missing in case PRERP1-670PVSTEP_______08.bse 
  L | JOHN DAY| 500.00| MARION  | 500.00|1 is missing in case PRERP1-670PVSTEP_______08.bse 
  L | CAPTJACK| 500.00| MERIDINP| 500.00|  is missing in case PRERP1-670PVSTEP_______08.bse 
mw1 =  RP1-670PV00C2MW.TXT
  L | JOHN DAY| 500.00| MARION  | 500.00|1 is missing in case PRERP1-670PVSTEP_______09.bse 
  L | CHIEF JO| 230.00| SNOHOMSH| 230.00|3 is missing in case PRERP1-670PVSTEP_______09.bse 
  L | CHIEF JO| 230.00| SNOHOMSH| 230.00|4 is missing in case PRERP1-670PVSTEP_______09.bse 
  L | JOHN DAY| 500.00| MARION  | 500.00|1 is missing in case PRERP1-670PVSTEP_______09.bse 
  L | CHIEF JO| 230.00| SNOHOMSH| 230.00|3 is missing in case PRERP1-670PVSTEP_______09.bse 
  L | CHIEF JO| 230.00| SNOHOMSH| 230.00|4 is missing in case PRERP1-670PVSTEP_______09.bse 
  L | CHIEF JO| 230.00| SNOHOMSH| 230.00|3 is missing in case PRERP1-670PVSTEP_______09.bse 
  L | CHIEF JO| 230.00| SNOHOMSH| 230.00|4 is missing in case PRERP1-670PVSTEP_______09.bse 
  L | JOHN DAY| 500.00| MARION  | 500.00|1 is missing in case PRERP1-670PVSTEP_______09.bse 
  L | CAPTJACK| 500.00| MERIDINP| 500.00|  is missing in case PRERP1-670PVSTEP_______09.bse 
mw1 =  RP1-670PV00C2MW.TXT
  L | JOHN DAY| 500.00| MARION  | 500.00|1 is missing in case PRERP1-670PVSTEP_______10.bse 
  L | CHIEF JO| 230.00| SNOHOMSH| 230.00|3 is missing in case PRERP1-670PVSTEP_______10.bse 
  L | CHIEF JO| 230.00| SNOHOMSH| 230.00|4 is missing in case PRERP1-670PVSTEP_______10.bse 
  L | JOHN DAY| 500.00| MARION  | 500.00|1 is missing in case PRERP1-670PVSTEP_______10.bse 
  L | CHIEF JO| 230.00| SNOHOMSH| 230.00|3 is missing in case PRERP1-670PVSTEP_______10.bse 
  L | CHIEF JO| 230.00| SNOHOMSH| 230.00|4 is missing in case PRERP1-670PVSTEP_______10.bse 
  L | CHIEF JO| 230.00| SNOHOMSH| 230.00|3 is missing in case PRERP1-670PVSTEP_______10.bse 
  L | CHIEF JO| 230.00| SNOHOMSH| 230.00|4 is missing in case PRERP1-670PVSTEP_______10.bse 
  L | JOHN DAY| 500.00| MARION  | 500.00|1 is missing in case PRERP1-670PVSTEP_______10.bse 
  L | CAPTJACK| 500.00| MERIDINP| 500.00|  is missing in case PRERP1-670PVSTEP_______10.bse 
mw1 =  RP1-670PV00C2MW.TXT
  L | JOHN DAY| 500.00| MARION  | 500.00|1 is missing in case PRERP1-670PVSTEP_______11.bse 
  L | CHIEF JO| 230.00| SNOHOMSH| 230.00|3 is missing in case PRERP1-670PVSTEP_______11.bse 
  L | CHIEF JO| 230.00| SNOHOMSH| 230.00|4 is missing in case PRERP1-670PVSTEP_______11.bse 
  L | JOHN DAY| 500.00| MARION  | 500.00|1 is missing in case PRERP1-670PVSTEP_______11.bse 
  L | CHIEF JO| 230.00| SNOHOMSH| 230.00|3 is missing in case PRERP1-670PVSTEP_______11.bse 
  L | CHIEF JO| 230.00| SNOHOMSH| 230.00|4 is missing in case PRERP1-670PVSTEP_______11.bse 
  L | CHIEF JO| 230.00| SNOHOMSH| 230.00|3 is missing in case PRERP1-670PVSTEP_______11.bse 
  L | CHIEF JO| 230.00| SNOHOMSH| 230.00|4 is missing in case PRERP1-670PVSTEP_______11.bse 
  L | JOHN DAY| 500.00| MARION  | 500.00|1 is missing in case PRERP1-670PVSTEP_______11.bse 
  L | CAPTJACK| 500.00| MERIDINP| 500.00|  is missing in case PRERP1-670PVSTEP_______11.bse 
mw1 =  RP1-670PV00C2MW.TXT
  L | JOHN DAY| 500.00| MARION  | 500.00|1 is missing in case PRERP1-670PVSTEP_______12.bse 
  L | CHIEF JO| 230.00| SNOHOMSH| 230.00|3 is missing in case PRERP1-670PVSTEP_______12.bse 
  L | CHIEF JO| 230.00| SNOHOMSH| 230.00|4 is missing in case PRERP1-670PVSTEP_______12.bse 
  L | JOHN DAY| 500.00| MARION  | 500.00|1 is missing in case PRERP1-670PVSTEP_______12.bse 
  L | CHIEF JO| 230.00| SNOHOMSH| 230.00|3 is missing in case PRERP1-670PVSTEP_______12.bse 
  L | CHIEF JO| 230.00| SNOHOMSH| 230.00|4 is missing in case PRERP1-670PVSTEP_______12.bse 
  L | CHIEF JO| 230.00| SNOHOMSH| 230.00|3 is missing in case PRERP1-670PVSTEP_______12.bse 
  L | CHIEF JO| 230.00| SNOHOMSH| 230.00|4 is missing in case PRERP1-670PVSTEP_______12.bse 
  L | JOHN DAY| 500.00| MARION  | 500.00|1 is missing in case PRERP1-670PVSTEP_______12.bse 
  L | CAPTJACK| 500.00| MERIDINP| 500.00|  is missing in case PRERP1-670PVSTEP_______12.bse 
mw1 =  RP1-670PV00C2MW.TXT
  L | CHIEF JO| 230.00| SNOHOMSH| 230.00|3 is missing in case PRERP1-670PVSTEP_______01.bse 
  L | CHIEF JO| 230.00| SNOHOMSH| 230.00|4 is missing in case PRERP1-670PVSTEP_______01.bse 
  L | CHIEF JO| 230.00| SNOHOMSH| 230.00|3 is missing in case PRERP1-670PVSTEP_______01.bse 
  L | CHIEF JO| 230.00| SNOHOMSH| 230.00|4 is missing in case PRERP1-670PVSTEP_______01.bse 
  L | CHIEF JO| 230.00| SNOHOMSH| 230.00|3 is missing in case PRERP1-670PVSTEP_______01.bse 
  L | CHIEF JO| 230.00| SNOHOMSH| 230.00|4 is missing in case PRERP1-670PVSTEP_______01.bse 
  L | CAPTJACK| 500.00| MERIDINP| 500.00|  is missing in case PRERP1-670PVSTEP_______01.bse 
mw1 =  RP1-670PV00C3MW.TXT
  L | CHIEF JO| 230.00| SNOHOMSH| 230.00|3 is missing in case PRERP1-670PVSTEP_______02.bse 
  L | CHIEF JO| 230.00| SNOHOMSH| 230.00|4 is missing in case PRERP1-670PVSTEP_______02.bse 
  L | CHIEF JO| 230.00| SNOHOMSH| 230.00|3 is missing in case PRERP1-670PVSTEP_______02.bse 
  L | CHIEF JO| 230.00| SNOHOMSH| 230.00|4 is missing in case PRERP1-670PVSTEP_______02.bse 
  L | CHIEF JO| 230.00| SNOHOMSH| 230.00|3 is missing in case PRERP1-670PVSTEP_______02.bse 
  L | CHIEF JO| 230.00| SNOHOMSH| 230.00|4 is missing in case PRERP1-670PVSTEP_______02.bse 
  L | CAPTJACK| 500.00| MERIDINP| 500.00|  is missing in case PRERP1-670PVSTEP_______02.bse 
mw1 =  RP1-670PV00C3MW.TXT
  L | CHIEF JO| 230.00| SNOHOMSH| 230.00|3 is missing in case PRERP1-670PVSTEP_______03.bse 
  L | CHIEF JO| 230.00| SNOHOMSH| 230.00|4 is missing in case PRERP1-670PVSTEP_______03.bse 
  L | CHIEF JO| 230.00| SNOHOMSH| 230.00|3 is missing in case PRERP1-670PVSTEP_______03.bse 
  L | CHIEF JO| 230.00| SNOHOMSH| 230.00|4 is missing in case PRERP1-670PVSTEP_______03.bse 
  L | CHIEF JO| 230.00| SNOHOMSH| 230.00|3 is missing in case PRERP1-670PVSTEP_______03.bse 
  L | CHIEF JO| 230.00| SNOHOMSH| 230.00|4 is missing in case PRERP1-670PVSTEP_______03.bse 
  L | CAPTJACK| 500.00| MERIDINP| 500.00|  is missing in case PRERP1-670PVSTEP_______03.bse 
mw1 =  RP1-670PV00C3MW.TXT
  L | CHIEF JO| 230.00| SNOHOMSH| 230.00|3 is missing in case PRERP1-670PVSTEP_______04.bse 
  L | CHIEF JO| 230.00| SNOHOMSH| 230.00|4 is missing in case PRERP1-670PVSTEP_______04.bse 
  L | CHIEF JO| 230.00| SNOHOMSH| 230.00|3 is missing in case PRERP1-670PVSTEP_______04.bse 
  L | CHIEF JO| 230.00| SNOHOMSH| 230.00|4 is missing in case PRERP1-670PVSTEP_______04.bse 
  L | CHIEF JO| 230.00| SNOHOMSH| 230.00|3 is missing in case PRERP1-670PVSTEP_______04.bse 
  L | CHIEF JO| 230.00| SNOHOMSH| 230.00|4 is missing in case PRERP1-670PVSTEP_______04.bse 
  L | CAPTJACK| 500.00| MERIDINP| 500.00|  is missing in case PRERP1-670PVSTEP_______04.bse 
mw1 =  RP1-670PV00C3MW.TXT
  L | CHIEF JO| 230.00| SNOHOMSH| 230.00|3 is missing in case PRERP1-670PVSTEP_______05.bse 
  L | CHIEF JO| 230.00| SNOHOMSH| 230.00|4 is missing in case PRERP1-670PVSTEP_______05.bse 
  L | CHIEF JO| 230.00| SNOHOMSH| 230.00|3 is missing in case PRERP1-670PVSTEP_______05.bse 
  L | CHIEF JO| 230.00| SNOHOMSH| 230.00|4 is missing in case PRERP1-670PVSTEP_______05.bse 
  L | CHIEF JO| 230.00| SNOHOMSH| 230.00|3 is missing in case PRERP1-670PVSTEP_______05.bse 
  L | CHIEF JO| 230.00| SNOHOMSH| 230.00|4 is missing in case PRERP1-670PVSTEP_______05.bse 
  L | CAPTJACK| 500.00| MERIDINP| 500.00|  is missing in case PRERP1-670PVSTEP_______05.bse 
mw1 =  RP1-670PV00C3MW.TXT
  L | CHIEF JO| 230.00| SNOHOMSH| 230.00|3 is missing in case PRERP1-670PVSTEP_______06.bse 
  L | CHIEF JO| 230.00| SNOHOMSH| 230.00|4 is missing in case PRERP1-670PVSTEP_______06.bse 
  L | CHIEF JO| 230.00| SNOHOMSH| 230.00|3 is missing in case PRERP1-670PVSTEP_______06.bse 
  L | CHIEF JO| 230.00| SNOHOMSH| 230.00|4 is missing in case PRERP1-670PVSTEP_______06.bse 
  L | CHIEF JO| 230.00| SNOHOMSH| 230.00|3 is missing in case PRERP1-670PVSTEP_______06.bse 
  L | CHIEF JO| 230.00| SNOHOMSH| 230.00|4 is missing in case PRERP1-670PVSTEP_______06.bse 
  L | CAPTJACK| 500.00| MERIDINP| 500.00|  is missing in case PRERP1-670PVSTEP_______06.bse 
mw1 =  RP1-670PV00C3MW.TXT
  L | CHIEF JO| 230.00| SNOHOMSH| 230.00|3 is missing in case PRERP1-670PVSTEP_______07.bse 
  L | CHIEF JO| 230.00| SNOHOMSH| 230.00|4 is missing in case PRERP1-670PVSTEP_______07.bse 
  L | CHIEF JO| 230.00| SNOHOMSH| 230.00|3 is missing in case PRERP1-670PVSTEP_______07.bse 
  L | CHIEF JO| 230.00| SNOHOMSH| 230.00|4 is missing in case PRERP1-670PVSTEP_______07.bse 
  L | CHIEF JO| 230.00| SNOHOMSH| 230.00|3 is missing in case PRERP1-670PVSTEP_______07.bse 
  L | CHIEF JO| 230.00| SNOHOMSH| 230.00|4 is missing in case PRERP1-670PVSTEP_______07.bse 
  L | CAPTJACK| 500.00| MERIDINP| 500.00|  is missing in case PRERP1-670PVSTEP_______07.bse 
mw1 =  RP1-670PV00C3MW.TXT
  L | CHIEF JO| 230.00| SNOHOMSH| 230.0