. NONE.LIS
> common_mode, file = *
.
> mode GONE
/CHANGES,FILE= *\
BGDCOEBONN PH213.8NB                   644588.0204.8 -160        BONNVILE 230 61
BGDCOEBONNVIL113.8NB                   241229.096.00-96.0        BONNVILE 115100
BGDCOEBONNVIL213.8NB                   414375.0204.0 -120        BONNVILE 230 39
BQDPG BEAVER  13.8NB                   372360.0180.0-66.01000                   
BQDPG BEAVER  20.0NB                   147135.0115.0-80.01010                   
BGDPPLMERWIN  13.8NB                   148135.050.00-25.0        MERWIN   115100
BGDPPLSWIFT   13.8NB                   333300.0153.0 -153        SWIFT    230100
BGDPPLYALE    13.8NB                   133130.050.00-25.0        YALE     115100
BQDBPADETROIT  230NC                   141137.063.00-63.01039                   
BQDCLKRVR RD C18.0NB                   260245.0120.0-80.01032                   
L DBPAASHE     500 MARION   500 
L DBPABUCKLEY  500 MARION   5001
L DBPACOULEE   500 SCHULTZ  5001
L DBPACOULEE   500 SCHULTZ  5002
L DBPARAVER    500 SCHULTZ  5001
L DBPARAVER    500 SCHULTZ  5002
L DBPAPAUL     500 RAVER    500 
BGDPPLCENTR G120.0
BGDPPLCENTR G220.0
L DBPAKEELER   500 PEARL    500 
L DBPAMARION   500 PEARL    500 
L DBPABIG EDDY 500 JOHN DAY 5002
L DBPABIG EDDY 500 OSTRNDER 500 
L DBPAHANFORD  500 OSTRNDER 500 
L DBPAHANFORD  500 JOHN DAY 500 
/SOLUTION\
>AI_CONTROL = OFF<
>LTC = ON_DCONLY<
>MISC_CNTRL, VFLATSTART = OFF, DCLP = ON<
>SOL_ITER, NEWTON = 90<
