./pvcurve_pro.o
000030b4 D CF_dotStyl
000030a0 D CF_dznStyl
00000004 D CF_hisFile
000000fa C CF_inbuf
000030dc D CF_lisStyl
00000000 D CF_logFile
00001020 D CF_logQFile
00001040 D CF_logQSpec
00000020 D CF_logSpec
00002040 D CF_logZFile
00002060 D CF_logZSpec
00003060 D CF_memCurAlloc
00003064 D CF_memMaxAlloc
00003068 D CF_memTotAlloc
0000306c D CF_memTotFreed
00003078 D CF_oneStyl
000030c8 D CF_recStyl
0000308c D CF_sixStyl
00003070 D CF_time0
00003074 D CF_time1
000030f0 D FF_limStyl
00003104 d HdLd.252
00003124 d HdLd.266
00003144 d HdLd.270
00003164 d HdLd.276
00003114 d HdRp.253
00003134 d HdRp.267
00003154 d HdRp.271
00003174 d HdRp.277
         U __ctype_b
00005cec T assembleSteps
0000c494 T blank_2_undrbr
00006b48 T buildTrace
         U calloc
00001124 T cf_addLink
000011f4 T cf_appList
000004b4 T cf_aprint
00002520 T cf_branch2rec
000028c8 T cf_branch_l2h
00002434 T cf_bus2rec
00000e14 T cf_calloc
0000165c T cf_cmpBranch
000018f8 T cf_cmpBus
000010f0 T cf_cntLink
00002838 T cf_cntchr
000001c0 T cf_cprompt
         U cf_debug
0000116c T cf_delLink
000013b4 T cf_delRow
00000290 T cf_dprompt
0000125c T cf_dupList
00000478 T cf_eprint
000004ec T cf_exit
0000375c T cf_fillGroup
00000228 T cf_fprompt
00000e88 T cf_free
000012d4 T cf_freeList
00001374 T cf_freeRow
000023f4 T cf_freeRowList
000030d8 T cf_getLoad
00002b54 T cf_getRating
000026e0 T cf_id2Link
00002ac4 T cf_initOut
00003dcc T cf_insAfter
00003d70 T cf_insBefore
00003be8 T cf_insLink
000002f8 T cf_iprompt
00000fec T cf_isDataFile
00000f9c T cf_isblank
00000eac T cf_iscomment
00000068 T cf_kprompt
00001328 T cf_link2row
000036c4 T cf_link2tagName
00000cfc T cf_logBAD
00000bd4 T cf_logErr
00000c68 T cf_logQuery
000021e4 T cf_logUse
00002174 T cf_malloc
000000dc T cf_mprompt
00001084 T cf_newLink
00000144 T cf_nprompt
00000d90 T cf_openFile
00000784 T cf_parse
00000528 T cf_pfexit
00003108 T cf_printGroup
000032d8 T cf_printLink
000031d0 T cf_printList
00003654 T cf_printTag
00000b38 T cf_query2spec
00002a44 T cf_rec2Link
00002600 T cf_rec2branch
000024ac T cf_rec2bus
0000153c T cf_rec_h2l
0000141c T cf_rec_l2h
00000000 T cf_sprompt
00000564 T cf_stoupper
000005a4 T cf_str2list
00000f4c T cf_str2lower
00000f08 T cf_str2upper
0000075c T cf_strcon
00002884 T cf_strdup
000023a4 T cf_strsub
00000704 T cf_strsuf
000036f4 T cf_tag2link
00001a28 T cf_text2Link
00001aa4 T cf_text2List
00000dd4 T cf_time
00001cc4 T cf_validBasekv
00001b64 T cf_validOwner
00001fd4 T cf_validZone
00000358 T cf_yprompt
00006938 T checkFileList
000059a4 T checkFileLists
000046e4 T checkIPFversion
000067cc T cleanUpFiles
0000b6cc T clr_rec_bus
         U cuserid
00003e14 T cx_printList
000040b4 T cx_printRowList
00000060 C data_chk
00008978 T de_apply_perturbation
0000b3f4 T de_bus_values
0000adf0 T de_ch_par_gen
0000aff8 T de_ch_par_load
00008b68 T de_command
0000b2a4 T de_cut_plane
0000b638 T de_get_busList
0000c358 T de_get_gen
00008638 T de_load_changes
000084d4 T de_load_oldbase
0000beec T de_open_with_title
0000a278 T de_pv_curve
00008cd4 T de_pv_curve_pre
000085a8 T de_save_newbase
0000c124 T de_set_gen
00008c24 T de_solution
000086bc T de_take_brch_outg
00008764 T de_take_como_outg
00006894 T de_user_analysis
         U difftime
00006520 T dispatchEngine
         U err_buf
         U exit
         U fclose
0000c018 T ff_FileFlt22Link
0000c098 T ff_StrStrToLink
00006d24 T ff_expList
0000bf44 T ff_gen2Link
00006dd8 T ff_getList
00007b74 T ff_limits
00008494 T ff_printBlankLines
0000b788 T ff_printDvdqHeader
0000b6ec T ff_printDvdqPoints
0000b9c4 T ff_printHeadrBuses
0000b858 T ff_printHeadrNames
0000b91c T ff_printHeadrNamesPB
0000b804 T ff_printHeadrTitle
0000bc04 T ff_printLdHdrNames
0000bb84 T ff_printLoadHeader
0000bdf8 T ff_printLoadPoints
00008398 T ff_printMainFooter
00008108 T ff_printMainHeader
000083ac T ff_printPageFooter
0000bcc8 T ff_printQresHeader
0000bd44 T ff_printQresPoints
0000bb08 T ff_printVoltHeader
0000ba68 T ff_printVoltPoints
00007da4 T ff_report
00006e18 T ff_stream2List
00007654 T ff_traces
         U fflush
         U fgets
00006724 T finalRemarks
00006a14 T findFile
         U fmod
         U fopen
         U fprintf
         U free
00005b4c T getCoMoList
000059c8 T getPrtrbList
         U getenv
000042b4 T initializeTrace
00004668 T instructions
         U localtime
0000413c T main
         U malloc
         U memcmp
         U memcpy
         U memset
         U modf
000064e4 T openReport
         U pf_case_info
         U pf_cflow_exit
         U pf_cflow_init
         U pf_command
         U pf_init_branch
         U pf_load_changes
         U pf_load_oldbase
         U pf_rec_a2b
         U pf_rec_b2a
         U pf_rec_branch
         U pf_rec_bus
00000004 C pf_rec_dbg
         U pf_save_newbase
         U pf_user_bus
         U pf_user_init_def
         U pf_user_quantity
         U pf_user_sub_def
00005500 T printTrace
         U printf
0000455c T processCommandLine
000047a4 T promptUser
000063e4 T queryContinue
0000c408 T rand_file
         U reply_pf
         U rewind
         U sprintf
         U sscanf
         U stderr
         U stdin
         U stdout
         U strcat
         U strchr
         U strcmp
         U strcpy
         U strftime
         U strlen
         U strncat
         U strncmp
         U strncpy
         U strpbrk
         U strrchr
         U strstr
         U strtok
         U system
         U time
         U tolower
         U toupper
         U vfprintf
         U vsprintf
./cflow_lib_ipc.o
         U atoi
00000000 D cf_debug
         U connect_to_socket
         U create_socket1
         U create_socket2
00002000 C err_buf
         U exit
         U ipcrecv
         U ipcsend
00000000 r m1
00000040 r m2
         U memset
00000020 b node_name
         U perror
00000408 T pf_cflow_exit
00002000 C pf_cflow_inbuf
00000064 T pf_cflow_init
00000464 T pf_cflow_ipc
00002000 C pf_cflow_outbuf
00000004 C pf_cflow_socket
00000000 b pf_connect
00000004 b pf_server
00000000 T pf_usage_exit
00000008 b pf_wait
         U printf
00002000 C reply_pf
         U run_ipfsrv
         U strcpy
         U toupper
./cfuse.o
000030b4 D CF_dotStyl
000030a0 D CF_dznStyl
00000004 D CF_hisFile
000000fa C CF_inbuf
000030dc D CF_lisStyl
00000000 D CF_logFile
00001020 D CF_logQFile
00001040 D CF_logQSpec
00000020 D CF_logSpec
00002040 D CF_logZFile
00002060 D CF_logZSpec
00003060 D CF_memCurAlloc
00003064 D CF_memMaxAlloc
00003068 D CF_memTotAlloc
0000306c D CF_memTotFreed
00003078 D CF_oneStyl
000030c8 D CF_recStyl
0000308c D CF_sixStyl
00003070 D CF_time0
00003074 D CF_time1
         U __ctype_b
0000484c T assembleSteps
00004eb8 T buildTrace
         U calloc
00001124 T cf_addLink
000011f4 T cf_appList
000004b4 T cf_aprint
00002520 T cf_branch2rec
000028c8 T cf_branch_l2h
00002434 T cf_bus2rec
00000e14 T cf_calloc
0000165c T cf_cmpBranch
000018f8 T cf_cmpBus
000010f0 T cf_cntLink
00002838 T cf_cntchr
000001c0 T cf_cprompt
0000116c T cf_delLink
000013b4 T cf_delRow
00000290 T cf_dprompt
0000125c T cf_dupList
00000478 T cf_eprint
000004ec T cf_exit
0000375c T cf_fillGroup
00000228 T cf_fprompt
00000e88 T cf_free
000012d4 T cf_freeList
00001374 T cf_freeRow
000023f4 T cf_freeRowList
000030d8 T cf_getLoad
00002b54 T cf_getRating
000026e0 T cf_id2Link
00002ac4 T cf_initOut
00003dcc T cf_insAfter
00003d70 T cf_insBefore
00003be8 T cf_insLink
000002f8 T cf_iprompt
00000fec T cf_isDataFile
00000f9c T cf_isblank
00000eac T cf_iscomment
00000068 T cf_kprompt
00001328 T cf_link2row
000036c4 T cf_link2tagName
00000cfc T cf_logBAD
00000bd4 T cf_logErr
00000c68 T cf_logQuery
000021e4 T cf_logUse
00002174 T cf_malloc
000000dc T cf_mprompt
00001084 T cf_newLink
00000144 T cf_nprompt
00000d90 T cf_openFile
00000784 T cf_parse
00000528 T cf_pfexit
00003108 T cf_printGroup
000032d8 T cf_printLink
000031d0 T cf_printList
00003654 T cf_printTag
00000b38 T cf_query2spec
00002a44 T cf_rec2Link
00002600 T cf_rec2branch
000024ac T cf_rec2bus
0000153c T cf_rec_h2l
0000141c T cf_rec_l2h
00000000 T cf_sprompt
00000564 T cf_stoupper
000005a4 T cf_str2list
00000f4c T cf_str2lower
00000f08 T cf_str2upper
0000075c T cf_strcon
00002884 T cf_strdup
000023a4 T cf_strsub
00000704 T cf_strsuf
000036f4 T cf_tag2link
00001a28 T cf_text2Link
00001aa4 T cf_text2List
00000dd4 T cf_time
00001cc4 T cf_validBasekv
00001b64 T cf_validOwner
00001fd4 T cf_validZone
00000358 T cf_yprompt
00004ca0 T checkFileList
00004828 T checkFileLists
00004448 T checkIPFversion
         U cuserid
00003e14 T cx_printList
000040b4 T cx_printRowList
         U difftime
00004a54 T dispatchEngine
         U err_buf
         U exit
         U fclose
00004fb4 T ff_expList
0000558c T ff_report
00005068 T ff_stream2List
00005378 T ff_traces
         U fgets
00004bc4 T finalRemarks
00004d84 T findFile
         U fopen
         U fprintf
         U free
         U getenv
00004268 T initializeTrace
000043cc T instructions
         U localtime
0000413c T main
00004c40 T makeNewName
         U malloc
         U memcmp
         U memcpy
         U memset
000056a4 T mf_fprintList
         U modf
         U pf_cflow_exit
         U pf_cflow_init
         U pf_load_oldbase
         U pf_rec_a2b
         U pf_rec_b2a
         U pf_user_report
000046d4 T printTrace
         U printf
00004358 T processCommandLine
000044f0 T promptUser
00004994 T queryContinue
         U rewind
         U sprintf
         U sscanf
         U stderr
         U stdin
         U stdout
         U strcat
         U strchr
         U strcmp
         U strcpy
         U strftime
         U strlen
         U strncat
         U strncmp
         U strncpy
         U strpbrk
         U strrchr
         U strstr
         U strtok
         U system
         U time
         U tolower
         U toupper
         U vfprintf
         U vsprintf
./convtbl.o
         U __assert_fail
         U __ctype_b
         U _ft
00000000 d _pow
00000010 T a2f
00000148 T a2f_
00000248 T a2l
         U atof
         U atoi
         U atol
00000000 t conv_error
00000004 C cv_error
00001158 T cv_pf_a2b
00001494 T cv_pf_b2a
000012f4 T cv_pfs_a2b
000015e4 T cv_pfs_b2a
00000d68 T cv_rec_a2b
00000f58 T cv_rec_b2a
00000354 T f2a
00000714 T f2a_
00000004 b field
00000bc8 T get_fld_a
00000300 T l2a
         U memcpy
         U memset
         U modf
00001734 T pf_init_rec
         U printf
00000874 T put_fld_a
00000a18 T put_fld_b
00000000 b record
         U sprintf
         U strcat
         U strcpy
         U strlen
         U strncmp
         U strncpy
00000080 D tb
00000020 b tmpbuf
         U toupper
./ft.o
00000000 D _ft
./increm.o
         U atof
         U atoi
00000004 D basefile
00023280 C br_flow
00000008 D branchfile
00000010 D busfile
0000000c D busname1
00001748 T compare
00000000 T efopen
         U exit
         U fclose
         U fgets
         U fopen
         U fprintf
00001060 T get_bus_area
00001194 T increment
00000054 T main
00001574 T mod_area_export
00001484 T mod_bus_gen
00001648 T mod_itie_export
00000025 d oldarea1.9
0000003d d oldarea2.11
00000018 d oldbus1.8
00000030 d oldbus2.10
00000014 D outfile
         U pf_area_of_zone
         U pf_cflow_exit
         U pf_cflow_init
         U pf_init_rec
         U pf_load_oldbase
         U pf_rec_area
         U pf_rec_branch
         U pf_rec_bus
         U pf_rec_comments
         U pf_rec_itie
         U pf_solution
00000000 D progname
         U qsort
         U stderr
         U strcmp
         U strcpy
         U strlen
         U strncpy
00001ab8 T title
./pf_rec.o
00000000 d Area
000002a0 d AreaOfZone
00000040 d Branch
00000080 d Bus
000000c0 d Cbus
0000032c d Changes
00000315 d Eom
000001fd d GetAreaList
0000022e d GetBsekvList
000002e0 d GetBusExists
00000216 d GetBusList
000001cd d GetComments
00000248 d GetOwnerList
0000027b d GetRectypeList
000002ff d GetSystemInfo
00000262 d GetZoneList
00000347 d Initialize
00000100 d Itie
000001b3 d Output
000001e5 d PutComments
00000140 d Qcurve
0000031c d RtnStat
0000033d d Solution
000003a4 d SolveArea
000003bd d SolveRefArea
00000353 d UserInitDef
0000035c d UserLoadDef
00000380 d UserReports
00000365 d UserSubDef
00000180 d Xdata
         U atol
         U cf_debug
         U cf_logQuery
         U cv_pf_a2b
         U cv_pf_b2a
         U cv_pfs_a2b
         U cv_pfs_b2a
00000020 b data
         U err_buf
00000000 b error
         U f2a
         U fflush
         U fprintf
00000004 b ipf_status
00001818 T pf_area_of_zone
00002058 T pf_bus_exists
00001874 T pf_case_info
         U pf_cflow_inbuf
         U pf_cflow_ipc
         U pf_cflow_outbuf
00002c84 T pf_command
00000224 T pf_del_area
00000268 T pf_del_zone
000016dc T pf_get_list
000016b8 T pf_init
00001e44 T pf_init_area
00001e84 T pf_init_branch
00001f04 T pf_init_bus
00001f4c T pf_init_cbus
00001fbc T pf_init_itie
00002010 T pf_init_qcurve
         U pf_init_rec
000003a4 T pf_load_changes
000003f4 T pf_load_netdata
00000444 T pf_load_oldbase
00002a34 T pf_load_refbase
000029e8 T pf_plot
00000494 T pf_put_inrec
00002098 T pf_rec_a2b
000004b4 T pf_rec_area
00002114 T pf_rec_b2a
000006d4 T pf_rec_branch
000008e4 T pf_rec_bus
00000b14 T pf_rec_cbus
00000d24 T pf_rec_comments
00000f74 T pf_rec_itie
00001184 T pf_rec_qcurve
00001354 T pf_rec_xdata
000002b4 T pf_rename_area
000002f4 T pf_rename_bus
00000364 T pf_rename_zone
00001534 T pf_save_changes
000015d4 T pf_save_netdata
00001584 T pf_save_newbase
00001624 T pf_save_wscc_stab_data
00002a84 T pf_select_base
00001694 T pf_solution
00002bf4 T pf_solve_area
00002564 T pf_user_branch
00002908 T pf_user_bus
000023f4 T pf_user_comment
000023a8 T pf_user_define
00002258 T pf_user_init_def
00002764 T pf_user_itie
0000227c T pf_user_load_def
00002444 T pf_user_quantity
000022e4 T pf_user_report
000024d4 T pf_user_string
000022a4 T pf_user_sub_def
         U printf
         U put_fld_b
00000000 t query_pf
         U reply_pf
         U sprintf
         U sscanf
         U stderr
         U stdout
         U strcat
         U strchr
         U strcpy
         U strlen
         U strncpy
         U strspn
         U strstr
         U strtok
         U toupper
./qvcurve_pro.o
000030b4 D CF_dotStyl
000030a0 D CF_dznStyl
00000004 D CF_hisFile
000000fa C CF_inbuf
000030dc D CF_lisStyl
00000000 D CF_logFile
00001020 D CF_logQFile
00001040 D CF_logQSpec
00000020 D CF_logSpec
00002040 D CF_logZFile
00002060 D CF_logZSpec
00003060 D CF_memCurAlloc
00003064 D CF_memMaxAlloc
00003068 D CF_memTotAlloc
0000306c D CF_memTotFreed
00003078 D CF_oneStyl
000030c8 D CF_recStyl
0000308c D CF_sixStyl
00003070 D CF_time0
00003074 D CF_time1
         U __ctype_b
000059cc T assembleSteps
0000669c T buildSetup
00008818 T buildTrace
         U calloc
00001124 T cf_addLink
000011f4 T cf_appList
000004b4 T cf_aprint
00002520 T cf_branch2rec
000028c8 T cf_branch_l2h
00002434 T cf_bus2rec
00000e14 T cf_calloc
0000165c T cf_cmpBranch
000018f8 T cf_cmpBus
000010f0 T cf_cntLink
00002838 T cf_cntchr
000001c0 T cf_cprompt
0000116c T cf_delLink
000013b4 T cf_delRow
00000290 T cf_dprompt
0000125c T cf_dupList
00000478 T cf_eprint
000004ec T cf_exit
0000375c T cf_fillGroup
00000228 T cf_fprompt
00000e88 T cf_free
000012d4 T cf_freeList
00001374 T cf_freeRow
000023f4 T cf_freeRowList
000030d8 T cf_getLoad
00002b54 T cf_getRating
000026e0 T cf_id2Link
00002ac4 T cf_initOut
00003dcc T cf_insAfter
00003d70 T cf_insBefore
00003be8 T cf_insLink
000002f8 T cf_iprompt
00000fec T cf_isDataFile
00000f9c T cf_isblank
00000eac T cf_iscomment
00000068 T cf_kprompt
00001328 T cf_link2row
000036c4 T cf_link2tagName
00000cfc T cf_logBAD
00000bd4 T cf_logErr
00000c68 T cf_logQuery
000021e4 T cf_logUse
00002174 T cf_malloc
000000dc T cf_mprompt
00001084 T cf_newLink
00000144 T cf_nprompt
00000d90 T cf_openFile
00000784 T cf_parse
00000528 T cf_pfexit
00003108 T cf_printGroup
000032d8 T cf_printLink
000031d0 T cf_printList
00003654 T cf_printTag
00000b38 T cf_query2spec
00002a44 T cf_rec2Link
00002600 T cf_rec2branch
000024ac T cf_rec2bus
0000153c T cf_rec_h2l
0000141c T cf_rec_l2h
00000000 T cf_sprompt
00000564 T cf_stoupper
000005a4 T cf_str2list
00000f4c T cf_str2lower
00000f08 T cf_str2upper
0000075c T cf_strcon
00002884 T cf_strdup
000023a4 T cf_strsub
00000704 T cf_strsuf
000036f4 T cf_tag2link
00001a28 T cf_text2Link
00001aa4 T cf_text2List
00000dd4 T cf_time
00001cc4 T cf_validBasekv
00001b64 T cf_validOwner
00001fd4 T cf_validZone
00000358 T cf_yprompt
00008604 T checkFileList
0000580c T checkFileLists
00004718 T checkIPFversion
00007258 T cleanUpFiles
         U cuserid
00003e14 T cx_printList
000040b4 T cx_printRowList
0000b038 T de_command
00007320 T de_curve
00008578 T de_cut_plane
0000af08 T de_get_bus
0000abd8 T de_load_changes
0000ab48 T de_load_oldbase
0000afb8 T de_modify_bus
00007f24 T de_qatv
00008068 T de_qreserve
0000b0d4 T de_solution
0000ac5c T de_take_brch_outg
0000ad04 T de_take_como_outg
000084cc T de_user_analysis
00007dd8 T de_vatq
         U difftime
000062c8 T dispatchEngine
         U err_buf
         U exit
         U fclose
0000830c T ff_ch_par_qv
00008214 T ff_ch_par_vq
00008a88 T ff_expList
00008b38 T ff_getList
00009a74 T ff_limits
0000aa58 T ff_printBlanks
0000a7d8 T ff_printFlowData
0000a744 T ff_printFlowHeader
0000a6f8 T ff_printFlowReport
0000a95c T ff_printMainFooter
00009de4 T ff_printMainHeader
0000a970 T ff_printPageFooter
0000a0c4 T ff_printQminData
0000a030 T ff_printQminHeader
0000a008 T ff_printQminReport
0000a4a8 T ff_printQresData
0000a414 T ff_printQresHeader
0000a3a4 T ff_printQresReport
00009ba4 T ff_report
0000aa94 T ff_scale
00008b78 T ff_stream2List
00009408 T ff_traces
         U fflush
         U fgets
000071a8 T finalRemarks
000086e4 T findFile
         U fmod
         U fopen
         U fprintf
         U free
00005830 T getCoMoList
         U getenv
000042b8 T initializeTrace
0000469c T instructions
         U localtime
0000413c T main
         U malloc
         U memcmp
         U memcpy
         U memset
         U modf
0000628c T openReport
         U pf_cflow_exit
         U pf_cflow_init
         U pf_command
         U pf_init_branch
         U pf_init_bus
         U pf_load_changes
         U pf_load_oldbase
         U pf_rec_a2b
         U pf_rec_b2a
         U pf_rec_branch
         U pf_rec_bus
         U pow
00006e88 T printPSsetup
0000540c T printTrace
00006798 T printXYsetup
         U printf
00004624 T processCommandLine
000047d0 T promptUser
000061b4 T queryContinue
         U reply_pf
         U rewind
         U sprintf
         U sscanf
         U stderr
         U stdin
         U stdout
         U strcat
         U strchr
         U strcmp
         U strcpy
         U strftime
         U strlen
         U strncat
         U strncmp
         U strncpy
         U strpbrk
         U strrchr
         U strstr
         U strtok
         U system
         U time
         U tolower
000083b4 T totalGenData
         U toupper
         U vfprintf
         U vsprintf
./alt_load.o
000030b4 D CF_dotStyl
000030a0 D CF_dznStyl
00000004 D CF_hisFile
000000fa C CF_inbuf
000030dc D CF_lisStyl
00000000 D CF_logFile
00001020 D CF_logQFile
00001040 D CF_logQSpec
00000020 D CF_logSpec
00002040 D CF_logZFile
00002060 D CF_logZSpec
00003060 D CF_memCurAlloc
00003064 D CF_memMaxAlloc
00003068 D CF_memTotAlloc
0000306c D CF_memTotFreed
00003078 D CF_oneStyl
000030c8 D CF_recStyl
0000308c D CF_sixStyl
00003070 D CF_time0
00003074 D CF_time1
         U __ctype_b
         U atof
         U calloc
00001124 T cf_addLink
000011f4 T cf_appList
000004b4 T cf_aprint
00002520 T cf_branch2rec
000028c8 T cf_branch_l2h
00002434 T cf_bus2rec
00000e14 T cf_calloc
0000165c T cf_cmpBranch
000018f8 T cf_cmpBus
000010f0 T cf_cntLink
00002838 T cf_cntchr
000001c0 T cf_cprompt
0000116c T cf_delLink
000013b4 T cf_delRow
00000290 T cf_dprompt
0000125c T cf_dupList
00000478 T cf_eprint
000004ec T cf_exit
0000375c T cf_fillGroup
00000228 T cf_fprompt
00000e88 T cf_free
000012d4 T cf_freeList
00001374 T cf_freeRow
000023f4 T cf_freeRowList
000030d8 T cf_getLoad
00002b54 T cf_getRating
000026e0 T cf_id2Link
00002ac4 T cf_initOut
00003dcc T cf_insAfter
00003d70 T cf_insBefore
00003be8 T cf_insLink
000002f8 T cf_iprompt
00000fec T cf_isDataFile
00000f9c T cf_isblank
00000eac T cf_iscomment
00000068 T cf_kprompt
00001328 T cf_link2row
000036c4 T cf_link2tagName
00000cfc T cf_logBAD
00000bd4 T cf_logErr
00000c68 T cf_logQuery
000021e4 T cf_logUse
00002174 T cf_malloc
000000dc T cf_mprompt
00001084 T cf_newLink
00000144 T cf_nprompt
00000d90 T cf_openFile
00000784 T cf_parse
00000528 T cf_pfexit
00003108 T cf_printGroup
000032d8 T cf_printLink
000031d0 T cf_printList
00003654 T cf_printTag
00000b38 T cf_query2spec
00002a44 T cf_rec2Link
00002600 T cf_rec2branch
000024ac T cf_rec2bus
0000153c T cf_rec_h2l
0000141c T cf_rec_l2h
00000000 T cf_sprompt
00000564 T cf_stoupper
000005a4 T cf_str2list
00000f4c T cf_str2lower
00000f08 T cf_str2upper
0000075c T cf_strcon
00002884 T cf_strdup
000023a4 T cf_strsub
00000704 T cf_strsuf
000036f4 T cf_tag2link
00001a28 T cf_text2Link
00001aa4 T cf_text2List
00000dd4 T cf_time
00001cc4 T cf_validBasekv
00001b64 T cf_validOwner
00001fd4 T cf_validZone
00000358 T cf_yprompt
00003e14 T cx_printList
000040b4 T cx_printRowList
         U difftime
         U exit
         U fclose
         U fgetc
         U fgets
         U fopen
         U fprintf
         U fputc
         U free
         U gets
         U localtime
0000413c T main
00005cc0 T make_new_name
         U malloc
         U memcmp
         U memcpy
         U memset
         U modf
00008ca0 C name_list
         U pf_bus_exists
         U pf_cflow_exit
         U pf_cflow_init
         U pf_init_branch
         U pf_init_bus
         U pf_load_changes
         U pf_load_oldbase
         U pf_rec_a2b
         U pf_rec_b2a
         U pf_rec_bus
         U pf_rec_cbus
         U pf_save_newbase
         U pf_solution
         U printf
         U remove
         U rewind
         U sprintf
         U sqrt
         U sscanf
         U stderr
         U stdin
         U stdout
         U strcat
         U strchr
         U strcmp
         U strcpy
         U strftime
         U strlen
         U strncat
         U strncmp
         U strpbrk
         U strrchr
         U strstr
         U strtok
         U time
         U tolower
         U toupper
         U vfprintf
         U vsprintf
./cflowspeed.o
00000030 D Eom
00000000 D FirstBus
00000037 D RtnStat
00000008 C Timer
         U __ctype_b
00000047 D action
         U atol
000000dc C b
00000085 C b_data
0000037c T branchB2aDelay
00000fff C bse_spec
000002b4 T busB2aDelay
00000448 T busExistsDelay
         U cf_debug
00000eb0 T computeStats
00000004 C count
00000060 D data
         U difftime
         U err_buf
00000004 C error
         U fclose
         U fflush
00000618 T firstBusDelay
         U fopen
         U fprintf
00001300 T get_pf_rec
000011d8 T get_pf_rec_
00001524 T get_spec
         U gets
00000190 C header
00000004 C ipf_status
00000000 T main
000007f8 T nextAreaDelay
00000cdc T nextBranchDelay
000006e8 T nextBusDelay
00000934 T nextCbusDelay
00000a6c T nextItieDelay
00000ba4 T nextXdataDelay
         U pf_bus_exists
         U pf_cflow_exit
         U pf_cflow_inbuf
         U pf_cflow_init
         U pf_cflow_ipc
         U pf_cflow_outbuf
         U pf_load_oldbase
         U pf_rec_area
         U pf_rec_b2a
         U pf_rec_branch
         U pf_rec_bus
         U pf_rec_cbus
         U pf_rec_itie
         U pf_rec_xdata
00000de8 T printStats
         U printf
00000204 T processDelay
00000518 T queryDelay
00000f80 T query_pf
         U reply_pf
00001194 T reportStats
00000004 C rpt_file
00000fff C rpt_spec
         U sprintf
00000004 C status
         U stderr
         U stdout
         U strcat
         U strcmp
         U strcpy
         U strlen
         U strstr
         U strtok
00000190 C temp
         U time
00000085 C title
         U toupper
./d_loss.o
000030b4 D CF_dotStyl
000030a0 D CF_dznStyl
00000004 D CF_hisFile
000000fa C CF_inbuf
000030dc D CF_lisStyl
00000000 D CF_logFile
00001020 D CF_logQFile
00001040 D CF_logQSpec
00000020 D CF_logSpec
00002040 D CF_logZFile
00002060 D CF_logZSpec
00003060 D CF_memCurAlloc
00003064 D CF_memMaxAlloc
00003068 D CF_memTotAlloc
0000306c D CF_memTotFreed
00003078 D CF_oneStyl
000030c8 D CF_recStyl
0000308c D CF_sixStyl
00003070 D CF_time0
00003074 D CF_time1
         U __ctype_b
         U calloc
00001124 T cf_addLink
000011f4 T cf_appList
000004b4 T cf_aprint
00002520 T cf_branch2rec
000028c8 T cf_branch_l2h
00002434 T cf_bus2rec
00000e14 T cf_calloc
0000165c T cf_cmpBranch
000018f8 T cf_cmpBus
000010f0 T cf_cntLink
00002838 T cf_cntchr
000001c0 T cf_cprompt
0000116c T cf_delLink
000013b4 T cf_delRow
00000290 T cf_dprompt
0000125c T cf_dupList
00000478 T cf_eprint
000004ec T cf_exit
0000375c T cf_fillGroup
00000228 T cf_fprompt
00000e88 T cf_free
000012d4 T cf_freeList
00001374 T cf_freeRow
000023f4 T cf_freeRowList
000030d8 T cf_getLoad
00002b54 T cf_getRating
000026e0 T cf_id2Link
00002ac4 T cf_initOut
00003dcc T cf_insAfter
00003d70 T cf_insBefore
00003be8 T cf_insLink
000002f8 T cf_iprompt
00000fec T cf_isDataFile
00000f9c T cf_isblank
00000eac T cf_iscomment
00000068 T cf_kprompt
00001328 T cf_link2row
000036c4 T cf_link2tagName
00000cfc T cf_logBAD
00000bd4 T cf_logErr
00000c68 T cf_logQuery
000021e4 T cf_logUse
00002174 T cf_malloc
000000dc T cf_mprompt
00001084 T cf_newLink
00000144 T cf_nprompt
00000d90 T cf_openFile
00000784 T cf_parse
00000528 T cf_pfexit
00003108 T cf_printGroup
000032d8 T cf_printLink
000031d0 T cf_printList
00003654 T cf_printTag
00000b38 T cf_query2spec
00002a44 T cf_rec2Link
00002600 T cf_rec2branch
000024ac T cf_rec2bus
0000153c T cf_rec_h2l
0000141c T cf_rec_l2h
00000000 T cf_sprompt
00000564 T cf_stoupper
000005a4 T cf_str2list
00000f4c T cf_str2lower
00000f08 T cf_str2upper
0000075c T cf_strcon
00002884 T cf_strdup
000023a4 T cf_strsub
00000704 T cf_strsuf
000036f4 T cf_tag2link
00001a28 T cf_text2Link
00001aa4 T cf_text2List
00000dd4 T cf_time
00001cc4 T cf_validBasekv
00001b64 T cf_validOwner
00001fd4 T cf_validZone
00000358 T cf_yprompt
00003e14 T cx_printList
000040b4 T cx_printRowList
         U difftime
         U exit
         U fclose
         U fgets
         U fopen
         U fprintf
         U free
         U gets
         U localtime
0000413c T main
         U malloc
         U memcmp
         U memcpy
         U memset
         U modf
         U pf_cflow_exit
         U pf_cflow_init
         U pf_init
         U pf_load_oldbase
         U pf_rec_a2b
         U pf_rec_b2a
         U pf_rec_branch
         U pf_solution
         U pf_user_init_def
         U pf_user_load_def
         U pf_user_sub_def
         U printf
         U reply_pf
         U rewind
         U sprintf
         U sscanf
         U stderr
         U stdin
         U stdout
         U strcat
         U strchr
         U strcmp
         U strcpy
         U strftime
         U strlen
         U strncat
         U strncmp
         U strpbrk
         U strrchr
         U strstr
         U strtok
         U time
         U tolower
         U toupper
         U vfprintf
         U vsprintf
./dxloss.o
         U __ctype_b
000007f8 T cf_exit
         U exit
         U fclose
         U fopen
         U fprintf
00000760 T get_spec
         U gets
00000000 T main
         U pf_cflow_exit
         U pf_cflow_init
         U pf_init
         U pf_init_branch
         U pf_load_oldbase
         U pf_rec_branch
         U pf_solution
         U pf_user_init_def
         U pf_user_load_def
         U pf_user_sub_def
         U printf
         U reply_pf
         U sprintf
         U sscanf
         U stderr
         U stdout
         U strcat
         U strcpy
./template.o
000030b4 D CF_dotStyl
000030a0 D CF_dznStyl
00000004 D CF_hisFile
000000fa C CF_inbuf
000030dc D CF_lisStyl
00000000 D CF_logFile
00001020 D CF_logQFile
00001040 D CF_logQSpec
00000020 D CF_logSpec
00002040 D CF_logZFile
00002060 D CF_logZSpec
00003060 D CF_memCurAlloc
00003064 D CF_memMaxAlloc
00003068 D CF_memTotAlloc
0000306c D CF_memTotFreed
00003078 D CF_oneStyl
000030c8 D CF_recStyl
0000308c D CF_sixStyl
00003070 D CF_time0
00003074 D CF_time1
         U __ctype_b
         U calloc
00001124 T cf_addLink
000011f4 T cf_appList
000004b4 T cf_aprint
00002520 T cf_branch2rec
000028c8 T cf_branch_l2h
00002434 T cf_bus2rec
00000e14 T cf_calloc
0000165c T cf_cmpBranch
000018f8 T cf_cmpBus
000010f0 T cf_cntLink
00002838 T cf_cntchr
000001c0 T cf_cprompt
0000116c T cf_delLink
000013b4 T cf_delRow
00000290 T cf_dprompt
0000125c T cf_dupList
00000478 T cf_eprint
000004ec T cf_exit
0000375c T cf_fillGroup
00000228 T cf_fprompt
00000e88 T cf_free
000012d4 T cf_freeList
00001374 T cf_freeRow
000023f4 T cf_freeRowList
000030d8 T cf_getLoad
00002b54 T cf_getRating
000026e0 T cf_id2Link
00002ac4 T cf_initOut
00003dcc T cf_insAfter
00003d70 T cf_insBefore
00003be8 T cf_insLink
000002f8 T cf_iprompt
00000fec T cf_isDataFile
00000f9c T cf_isblank
00000eac T cf_iscomment
00000068 T cf_kprompt
00001328 T cf_link2row
000036c4 T cf_link2tagName
00000cfc T cf_logBAD
00000bd4 T cf_logErr
00000c68 T cf_logQuery
000021e4 T cf_logUse
00002174 T cf_malloc
000000dc T cf_mprompt
00001084 T cf_newLink
00000144 T cf_nprompt
00000d90 T cf_openFile
00000784 T cf_parse
00000528 T cf_pfexit
00003108 T cf_printGroup
000032d8 T cf_printLink
000031d0 T cf_printList
00003654 T cf_printTag
00000b38 T cf_query2spec
00002a44 T cf_rec2Link
00002600 T cf_rec2branch
000024ac T cf_rec2bus
0000153c T cf_rec_h2l
0000141c T cf_rec_l2h
00000000 T cf_sprompt
00000564 T cf_stoupper
000005a4 T cf_str2list
00000f4c T cf_str2lower
00000f08 T cf_str2upper
0000075c T cf_strcon
00002884 T cf_strdup
000023a4 T cf_strsub
00000704 T cf_strsuf
000036f4 T cf_tag2link
00001a28 T cf_text2Link
00001aa4 T cf_text2List
00000dd4 T cf_time
00001cc4 T cf_validBasekv
00001b64 T cf_validOwner
00001fd4 T cf_validZone
00000358 T cf_yprompt
00003e14 T cx_printList
000040b4 T cx_printRowList
         U difftime
         U exit
         U fclose
         U fgets
         U fopen
         U fprintf
         U free
         U localtime
0000413c T main
         U malloc
         U memcmp
         U memcpy
         U memset
         U modf
         U pf_cflow_exit
         U pf_rec_a2b
         U pf_rec_b2a
         U printf
         U rewind
         U sprintf
         U sscanf
         U stderr
         U stdin
         U stdout
         U strcat
         U strchr
         U strcmp
         U strcpy
         U strftime
         U strlen
         U strncat
         U strncmp
         U strpbrk
         U strrchr
         U strstr
         U strtok
         U time
         U tolower
         U toupper
         U vfprintf
         U vsprintf
./six.o
000030b4 D CF_dotStyl
000030a0 D CF_dznStyl
00000004 D CF_hisFile
000000fa C CF_inbuf
000030dc D CF_lisStyl
00000000 D CF_logFile
00001020 D CF_logQFile
00001040 D CF_logQSpec
00000020 D CF_logSpec
00002040 D CF_logZFile
00002060 D CF_logZSpec
00003060 D CF_memCurAlloc
00003064 D CF_memMaxAlloc
00003068 D CF_memTotAlloc
0000306c D CF_memTotFreed
00003078 D CF_oneStyl
000030c8 D CF_recStyl
0000308c D CF_sixStyl
00003070 D CF_time0
00003074 D CF_time1
         U __ctype_b
         U calloc
00001124 T cf_addLink
000011f4 T cf_appList
000004b4 T cf_aprint
00002520 T cf_branch2rec
000028c8 T cf_branch_l2h
00002434 T cf_bus2rec
00000e14 T cf_calloc
0000165c T cf_cmpBranch
000018f8 T cf_cmpBus
000010f0 T cf_cntLink
00002838 T cf_cntchr
000001c0 T cf_cprompt
0000116c T cf_delLink
000013b4 T cf_delRow
00000290 T cf_dprompt
0000125c T cf_dupList
00000478 T cf_eprint
000004ec T cf_exit
0000375c T cf_fillGroup
00000228 T cf_fprompt
00000e88 T cf_free
000012d4 T cf_freeList
00001374 T cf_freeRow
000023f4 T cf_freeRowList
000030d8 T cf_getLoad
00002b54 T cf_getRating
000026e0 T cf_id2Link
00002ac4 T cf_initOut
00003dcc T cf_insAfter
00003d70 T cf_insBefore
00003be8 T cf_insLink
000002f8 T cf_iprompt
00000fec T cf_isDataFile
00000f9c T cf_isblank
00000eac T cf_iscomment
00000068 T cf_kprompt
00001328 T cf_link2row
000036c4 T cf_link2tagName
00000cfc T cf_logBAD
00000bd4 T cf_logErr
00000c68 T cf_logQuery
000021e4 T cf_logUse
00002174 T cf_malloc
000000dc T cf_mprompt
00001084 T cf_newLink
00000144 T cf_nprompt
00000d90 T cf_openFile
00000784 T cf_parse
00000528 T cf_pfexit
00003108 T cf_printGroup
000032d8 T cf_printLink
000031d0 T cf_printList
00003654 T cf_printTag
00000b38 T cf_query2spec
00002a44 T cf_rec2Link
00002600 T cf_rec2branch
000024ac T cf_rec2bus
0000153c T cf_rec_h2l
0000141c T cf_rec_l2h
00000000 T cf_sprompt
00000564 T cf_stoupper
000005a4 T cf_str2list
00000f4c T cf_str2lower
00000f08 T cf_str2upper
0000075c T cf_strcon
00002884 T cf_strdup
000023a4 T cf_strsub
00000704 T cf_strsuf
000036f4 T cf_tag2link
00001a28 T cf_text2Link
00001aa4 T cf_text2List
00000dd4 T cf_time
00001cc4 T cf_validBasekv
00001b64 T cf_validOwner
00001fd4 T cf_validZone
00000358 T cf_yprompt
         U cuserid
00003e14 T cx_printList
000040b4 T cx_printRowList
         U difftime
         U exit
00004824 T extArea
00004c6c T extBranch
00004ad4 T extBus
00004be4 T extCBus
000049b4 T extItie
00004a3c T extXdata
000044d8 T extractData
         U fclose
00008024 T ff_expList
00007eb8 T ff_fprintList
00007e4c T ff_newName
000080d8 T ff_stream2List
         U fgets
000047c4 T finalRemarks
         U fopen
         U fprintf
         U free
         U getenv
00004208 T initializeTrace
00004334 T instructions
         U localtime
0000413c T main
         U malloc
         U memcmp
         U memcpy
         U memset
         U modf
         U pf_cflow_exit
         U pf_cflow_init
         U pf_load_oldbase
         U pf_rec_a2b
         U pf_rec_area
         U pf_rec_b2a
         U pf_rec_branch
         U pf_rec_bus
         U pf_rec_cbus
         U pf_rec_itie
         U pf_rec_xdata
         U pf_solve_area
000058dc T printACbus
00004f0c T printArea
00005164 T printAreaN
00005ed0 T printBDbus
0000616c T printBMbus
00005c9c T printCBus
00006440 T printE_branch
00007e10 T printError
000052e8 T printItie
00006bd4 T printLDbranch
00006f0c T printLMbranch
00006800 T printL_branch
00007c3c T printRMbranch
00007a68 T printR_branch
00007634 T printTPbranch
00007200 T printT_branch
000053bc T printXdata
         U printf
00004284 T processCommandLine
000043cc T promptUser
00004498 T queryContinue
         U rewind
         U sprintf
         U sscanf
         U stderr
         U stdin
         U stdout
         U strcat
         U strchr
         U strcmp
         U strcpy
         U strftime
         U strlen
         U strncat
         U strncmp
         U strncpy
         U strpbrk
         U strrchr
         U strstr
         U strtok
         U time
         U tolower
         U toupper
         U vfprintf
         U vsprintf
./solver_intact.o
00000004 C err
00000c0c T get_branch_overload_pct
         U gets
00000000 T main
00000004 C max_pct_ovld
         U memset
00000004 C oldpctload
         U pf_cflow_exit
         U pf_cflow_init
         U pf_init_branch
         U pf_init_bus
         U pf_load_oldbase
         U pf_rec_branch
         U pf_rec_bus
         U pf_solution
00000ce8 T print_branch_soln
00000ea4 T print_bus1_input
00001000 T print_bus2_input
         U printf
00000004 C rtncde
         U scanf
         U strlen
         U toupper
./tspbatch.o
000030b4 D CF_dotStyl
000030a0 D CF_dznStyl
00000004 D CF_hisFile
000000fa C CF_inbuf
000030dc D CF_lisStyl
00000000 D CF_logFile
00001020 D CF_logQFile
00001040 D CF_logQSpec
00000020 D CF_logSpec
00002040 D CF_logZFile
00002060 D CF_logZSpec
00003060 D CF_memCurAlloc
00003064 D CF_memMaxAlloc
00003068 D CF_memTotAlloc
0000306c D CF_memTotFreed
00003078 D CF_oneStyl
000030c8 D CF_recStyl
0000308c D CF_sixStyl
00003070 D CF_time0
00003074 D CF_time1
         U __ctype_b
00004de4 T batchIcomFiles
00004c28 T buildComFiles
00004980 T buildSwingFiles
         U calloc
00001124 T cf_addLink
000011f4 T cf_appList
000004b4 T cf_aprint
00002520 T cf_branch2rec
000028c8 T cf_branch_l2h
00002434 T cf_bus2rec
00000e14 T cf_calloc
0000165c T cf_cmpBranch
000018f8 T cf_cmpBus
000010f0 T cf_cntLink
00002838 T cf_cntchr
000001c0 T cf_cprompt
0000116c T cf_delLink
000013b4 T cf_delRow
00000290 T cf_dprompt
0000125c T cf_dupList
00000478 T cf_eprint
000004ec T cf_exit
0000375c T cf_fillGroup
00000228 T cf_fprompt
00000e88 T cf_free
000012d4 T cf_freeList
00001374 T cf_freeRow
000023f4 T cf_freeRowList
000030d8 T cf_getLoad
00002b54 T cf_getRating
000026e0 T cf_id2Link
00002ac4 T cf_initOut
00003dcc T cf_insAfter
00003d70 T cf_insBefore
00003be8 T cf_insLink
000002f8 T cf_iprompt
00000fec T cf_isDataFile
00000f9c T cf_isblank
00000eac T cf_iscomment
00000068 T cf_kprompt
00001328 T cf_link2row
000036c4 T cf_link2tagName
00000cfc T cf_logBAD
00000bd4 T cf_logErr
00000c68 T cf_logQuery
000021e4 T cf_logUse
00002174 T cf_malloc
000000dc T cf_mprompt
00001084 T cf_newLink
00000144 T cf_nprompt
00000d90 T cf_openFile
00000784 T cf_parse
00000528 T cf_pfexit
00003108 T cf_printGroup
000032d8 T cf_printLink
000031d0 T cf_printList
00003654 T cf_printTag
00000b38 T cf_query2spec
00002a44 T cf_rec2Link
00002600 T cf_rec2branch
000024ac T cf_rec2bus
0000153c T cf_rec_h2l
0000141c T cf_rec_l2h
00000000 T cf_sprompt
00000564 T cf_stoupper
000005a4 T cf_str2list
00000f4c T cf_str2lower
00000f08 T cf_str2upper
0000075c T cf_strcon
00002884 T cf_strdup
000023a4 T cf_strsub
00000704 T cf_strsuf
000036f4 T cf_tag2link
00001a28 T cf_text2Link
00001aa4 T cf_text2List
00000dd4 T cf_time
00001cc4 T cf_validBasekv
00001b64 T cf_validOwner
00001fd4 T cf_validZone
00000358 T cf_yprompt
         U cuserid
00003e14 T cx_printList
000040b4 T cx_printRowList
         U difftime
         U exit
         U fclose
00005624 T ff_branch2rec
00004ef4 T ff_branch_l2h
000058f4 T ff_bus2rec
00005484 T ff_expList
00005538 T ff_id2Link
000056c0 T ff_rec2branch
00005920 T ff_rec2bus
000051f4 T ff_report
00005048 T ff_stream2List
00005948 T ff_traceName
         U fgets
00004e74 T finalRemarks
         U fopen
         U fprintf
         U free
00004bf8 T identifyInput
00004248 T initializeTrace
00004414 T instructions
         U localtime
0000413c T main
00004ca4 T makeIcomFile
         U malloc
         U memcmp
         U memcpy
         U memset
000056f8 T mf_fprintList
         U modf
00004644 T openReport
         U pf_cflow_exit
         U pf_rec_a2b
         U pf_rec_b2a
000046cc T printTrace
         U printf
00004398 T processCommandLine
00004474 T promptUser
00004830 T queryContinue
00004894 T readBusData
         U rewind
         U sprintf
         U sscanf
         U stderr
         U stdin
         U stdout
         U strcat
         U strchr
         U strcmp
         U strcpy
         U strftime
         U strlen
         U strncat
         U strncmp
         U strpbrk
         U strrchr
00005004 T strrep
         U strstr
         U strtok
         U system
         U time
         U tolower
         U toupper
         U vfprintf
         U vsprintf
./xycurve.o
000030b4 D CF_dotStyl
000030a0 D CF_dznStyl
00000004 D CF_hisFile
000000fa C CF_inbuf
000030dc D CF_lisStyl
00000000 D CF_logFile
00001020 D CF_logQFile
00001040 D CF_logQSpec
00000020 D CF_logSpec
00002040 D CF_logZFile
00002060 D CF_logZSpec
00003060 D CF_memCurAlloc
00003064 D CF_memMaxAlloc
00003068 D CF_memTotAlloc
0000306c D CF_memTotFreed
00003078 D CF_oneStyl
000030c8 D CF_recStyl
0000308c D CF_sixStyl
00003070 D CF_time0
00003074 D CF_time1
         U __ctype_b
000048a4 T buildPostScript
         U calloc
00001124 T cf_addLink
000011f4 T cf_appList
000004b4 T cf_aprint
00002520 T cf_branch2rec
000028c8 T cf_branch_l2h
00002434 T cf_bus2rec
00000e14 T cf_calloc
0000165c T cf_cmpBranch
000018f8 T cf_cmpBus
000010f0 T cf_cntLink
00002838 T cf_cntchr
000001c0 T cf_cprompt
0000116c T cf_delLink
000013b4 T cf_delRow
00000290 T cf_dprompt
0000125c T cf_dupList
00000478 T cf_eprint
000004ec T cf_exit
0000375c T cf_fillGroup
00000228 T cf_fprompt
00000e88 T cf_free
000012d4 T cf_freeList
00001374 T cf_freeRow
000023f4 T cf_freeRowList
000030d8 T cf_getLoad
00002b54 T cf_getRating
000026e0 T cf_id2Link
00002ac4 T cf_initOut
00003dcc T cf_insAfter
00003d70 T cf_insBefore
00003be8 T cf_insLink
000002f8 T cf_iprompt
00000fec T cf_isDataFile
00000f9c T cf_isblank
00000eac T cf_iscomment
00000068 T cf_kprompt
00001328 T cf_link2row
000036c4 T cf_link2tagName
00000cfc T cf_logBAD
00000bd4 T cf_logErr
00000c68 T cf_logQuery
000021e4 T cf_logUse
00002174 T cf_malloc
000000dc T cf_mprompt
00001084 T cf_newLink
00000144 T cf_nprompt
00000d90 T cf_openFile
00000784 T cf_parse
00000528 T cf_pfexit
00003108 T cf_printGroup
000032d8 T cf_printLink
000031d0 T cf_printList
00003654 T cf_printTag
00000b38 T cf_query2spec
00002a44 T cf_rec2Link
00002600 T cf_rec2branch
000024ac T cf_rec2bus
0000153c T cf_rec_h2l
0000141c T cf_rec_l2h
00000000 T cf_sprompt
00000564 T cf_stoupper
000005a4 T cf_str2list
00000f4c T cf_str2lower
00000f08 T cf_str2upper
0000075c T cf_strcon
00002884 T cf_strdup
000023a4 T cf_strsub
00000704 T cf_strsuf
000036f4 T cf_tag2link
00001a28 T cf_text2Link
00001aa4 T cf_text2List
00000dd4 T cf_time
00001cc4 T cf_validBasekv
00001b64 T cf_validOwner
00001fd4 T cf_validZone
00000358 T cf_yprompt
         U cuserid
00003e14 T cx_printList
000040b4 T cx_printRowList
         U difftime
         U exit
         U fclose
00004d5c T ff_expList
00004e0c T ff_getList
000052d8 T ff_limits
00005224 T ff_report
000057f4 T ff_scale
00005718 T ff_strclr
00004e64 T ff_stream2List
00005764 T ff_strfil
000057a4 T ff_strsub
00005514 T ff_traceName
         U fgets
00004d08 T finalRemarks
         U fopen
         U fprintf
         U free
         U getenv
00004234 T initializeTrace
00004b10 T insertXYfile
000043b8 T instructions
         U localtime
0000413c T main
         U malloc
         U memcmp
         U memcpy
         U memset
         U modf
00004858 T openReport
         U pf_cflow_exit
         U pf_rec_a2b
         U pf_rec_b2a
00004a90 T printPostScript
00004664 T printTrace
         U printf
00004348 T processCommandLine
00004418 T promptUser
000047e4 T queryContinue
         U rewind
         U sprintf
         U sscanf
         U stderr
         U stdin
         U stdout
         U strcat
         U strchr
         U strcmp
         U strcpy
         U strftime
         U strlen
         U strncat
         U strncmp
         U strpbrk
         U strrchr
000056d4 T strrep
         U strstr
         U strtok
         U system
         U time
         U tolower
         U toupper
         U vfprintf
         U vsprintf
00005598 T xf_fprintList
./pvcurve.o
000030b4 D CF_dotStyl
000030a0 D CF_dznStyl
00000004 D CF_hisFile
000000fa C CF_inbuf
000030dc D CF_lisStyl
00000000 D CF_logFile
00001020 D CF_logQFile
00001040 D CF_logQSpec
00000020 D CF_logSpec
00002040 D CF_logZFile
00002060 D CF_logZSpec
00003060 D CF_memCurAlloc
00003064 D CF_memMaxAlloc
00003068 D CF_memTotAlloc
0000306c D CF_memTotFreed
00003078 D CF_oneStyl
000030c8 D CF_recStyl
0000308c D CF_sixStyl
00003070 D CF_time0
00003074 D CF_time1
000030f0 d HdLd.242
00003108 d HdLd.254
00003120 d HdLd.258
00003138 d HdLd.266
000030fc d HdRp.243
00003114 d HdRp.255
0000312c d HdRp.259
00003144 d HdRp.267
         U __ctype_b
000059dc T assembleSteps
000067d8 T buildTrace
         U calloc
00001124 T cf_addLink
000011f4 T cf_appList
000004b4 T cf_aprint
00002520 T cf_branch2rec
000028c8 T cf_branch_l2h
00002434 T cf_bus2rec
00000e14 T cf_calloc
0000165c T cf_cmpBranch
000018f8 T cf_cmpBus
000010f0 T cf_cntLink
00002838 T cf_cntchr
000001c0 T cf_cprompt
         U cf_debug
0000116c T cf_delLink
000013b4 T cf_delRow
00000290 T cf_dprompt
0000125c T cf_dupList
00000478 T cf_eprint
000004ec T cf_exit
0000375c T cf_fillGroup
00000228 T cf_fprompt
00000e88 T cf_free
000012d4 T cf_freeList
00001374 T cf_freeRow
000023f4 T cf_freeRowList
000030d8 T cf_getLoad
00002b54 T cf_getRating
000026e0 T cf_id2Link
00002ac4 T cf_initOut
00003dcc T cf_insAfter
00003d70 T cf_insBefore
00003be8 T cf_insLink
000002f8 T cf_iprompt
00000fec T cf_isDataFile
00000f9c T cf_isblank
00000eac T cf_iscomment
00000068 T cf_kprompt
00001328 T cf_link2row
000036c4 T cf_link2tagName
00000cfc T cf_logBAD
00000bd4 T cf_logErr
00000c68 T cf_logQuery
000021e4 T cf_logUse
00002174 T cf_malloc
000000dc T cf_mprompt
00001084 T cf_newLink
00000144 T cf_nprompt
00000d90 T cf_openFile
00000784 T cf_parse
00000528 T cf_pfexit
00003108 T cf_printGroup
000032d8 T cf_printLink
000031d0 T cf_printList
00003654 T cf_printTag
00000b38 T cf_query2spec
00002a44 T cf_rec2Link
00002600 T cf_rec2branch
000024ac T cf_rec2bus
0000153c T cf_rec_h2l
0000141c T cf_rec_l2h
00000000 T cf_sprompt
00000564 T cf_stoupper
000005a4 T cf_str2list
00000f4c T cf_str2lower
00000f08 T cf_str2upper
0000075c T cf_strcon
00002884 T cf_strdup
000023a4 T cf_strsub
00000704 T cf_strsuf
000036f4 T cf_tag2link
00001a28 T cf_text2Link
00001aa4 T cf_text2List
00000dd4 T cf_time
00001cc4 T cf_validBasekv
00001b64 T cf_validOwner
00001fd4 T cf_validZone
00000358 T cf_yprompt
000065c8 T checkFileList
00005824 T checkFileLists
000045c8 T checkIPFversion
00006454 T cleanUpFiles
         U cuserid
00003e14 T cx_printList
000040b4 T cx_printRowList
00000004 C data_chk
00009fe4 T de_bus_values
00009a00 T de_ch_par_gen
00009c08 T de_ch_par_load
00008568 T de_command
00009eb4 T de_cut_plane
0000a228 T de_get_busList
00008234 T de_load_changes
000081a4 T de_load_oldbase
0000abac T de_open_with_title
000086d4 T de_pv_curve
00008624 T de_solution
000082b8 T de_take_brch_outg
00008364 T de_take_como_outg
0000651c T de_user_analysis
         U difftime
00006368 T dispatchEngine
         U err_buf
         U exit
         U fclose
00006a34 T ff_expList
00006ae8 T ff_getList
000078a4 T ff_limits
00008164 T ff_printBlanks
0000a2a4 T ff_printDvdqData
0000a348 T ff_printDvdqHeader
0000a9a4 T ff_printFlowData
0000a908 T ff_printFlowHeader
0000aadc T ff_printLoadData
0000a684 T ff_printLoadHeader
00008068 T ff_printMainFooter
00007da4 T ff_printMainHeader
0000807c T ff_printPageFooter
0000a844 T ff_printQresData
0000a7dc T ff_printQresHeader
0000a578 T ff_printVoltData
0000a618 T ff_printVoltHeader
00007af0 T ff_report
00006b28 T ff_stream2List
000072a4 T ff_traces
         U fflush
         U fgets
000063d4 T finalRemarks
000066a4 T findFile
         U fmod
         U fopen
         U fprintf
         U free
00005848 T getCoMoList
         U getenv
000042a4 T initializeTrace
0000454c T instructions
         U localtime
0000413c T main
         U malloc
         U memcmp
         U memcpy
         U memset
         U modf
0000632c T openReport
         U pf_cflow_exit
         U pf_cflow_init
         U pf_command
         U pf_init_branch
         U pf_init_bus
         U pf_load_changes
         U pf_load_oldbase
         U pf_rec_a2b
         U pf_rec_b2a
         U pf_rec_branch
         U pf_rec_bus
00000004 C pf_rec_dbg
         U pf_user_bus
         U pf_user_init_def
         U pf_user_quantity
         U pf_user_sub_def
0000a4cc T printHdrBuses
0000a404 T printHdrNames
0000a3b4 T printHdrUnits
0000a744 T printLoadHdrNames
0000a6e4 T printLoadHdrUnits
00005394 T printTrace
         U printf
000044d4 T processCommandLine
00004680 T promptUser
00006254 T queryContinue
         U reply_pf
         U rewind
         U sprintf
         U sscanf
         U stderr
         U stdin
         U stdout
         U strcat
         U strchr
         U strcmp
         U strcpy
         U strftime
         U strlen
         U strncat
         U strncmp
         U strncpy
         U strpbrk
         U strrchr
         U strstr
         U strtok
         U system
         U time
         U tolower
         U toupper
         U vfprintf
         U vsprintf
./qvcurve.o
000030b4 D CF_dotStyl
000030a0 D CF_dznStyl
00000004 D CF_hisFile
000000fa C CF_inbuf
000030dc D CF_lisStyl
00000000 D CF_logFile
00001020 D CF_logQFile
00001040 D CF_logQSpec
00000020 D CF_logSpec
00002040 D CF_logZFile
00002060 D CF_logZSpec
00003060 D CF_memCurAlloc
00003064 D CF_memMaxAlloc
00003068 D CF_memTotAlloc
0000306c D CF_memTotFreed
00003078 D CF_oneStyl
000030c8 D CF_recStyl
0000308c D CF_sixStyl
00003070 D CF_time0
00003074 D CF_time1
         U __ctype_b
0000566c T assembleSteps
00006464 T buildSetup
00007fb8 T buildTrace
         U calloc
00001124 T cf_addLink
000011f4 T cf_appList
000004b4 T cf_aprint
00002520 T cf_branch2rec
000028c8 T cf_branch_l2h
00002434 T cf_bus2rec
00000e14 T cf_calloc
0000165c T cf_cmpBranch
000018f8 T cf_cmpBus
000010f0 T cf_cntLink
00002838 T cf_cntchr
000001c0 T cf_cprompt
0000116c T cf_delLink
000013b4 T cf_delRow
00000290 T cf_dprompt
0000125c T cf_dupList
00000478 T cf_eprint
000004ec T cf_exit
0000375c T cf_fillGroup
00000228 T cf_fprompt
00000e88 T cf_free
000012d4 T cf_freeList
00001374 T cf_freeRow
000023f4 T cf_freeRowList
000030d8 T cf_getLoad
00002b54 T cf_getRating
000026e0 T cf_id2Link
00002ac4 T cf_initOut
00003dcc T cf_insAfter
00003d70 T cf_insBefore
00003be8 T cf_insLink
000002f8 T cf_iprompt
00000fec T cf_isDataFile
00000f9c T cf_isblank
00000eac T cf_iscomment
00000068 T cf_kprompt
00001328 T cf_link2row
000036c4 T cf_link2tagName
00000cfc T cf_logBAD
00000bd4 T cf_logErr
00000c68 T cf_logQuery
000021e4 T cf_logUse
00002174 T cf_malloc
000000dc T cf_mprompt
00001084 T cf_newLink
00000144 T cf_nprompt
00000d90 T cf_openFile
00000784 T cf_parse
00000528 T cf_pfexit
00003108 T cf_printGroup
000032d8 T cf_printLink
000031d0 T cf_printList
00003654 T cf_printTag
00000b38 T cf_query2spec
00002a44 T cf_rec2Link
00002600 T cf_rec2branch
000024ac T cf_rec2bus
0000153c T cf_rec_h2l
0000141c T cf_rec_l2h
00000000 T cf_sprompt
00000564 T cf_stoupper
000005a4 T cf_str2list
00000f4c T cf_str2lower
00000f08 T cf_str2upper
0000075c T cf_strcon
00002884 T cf_strdup
000023a4 T cf_strsub
00000704 T cf_strsuf
000036f4 T cf_tag2link
00001a28 T cf_text2Link
00001aa4 T cf_text2List
00000dd4 T cf_time
00001cc4 T cf_validBasekv
00001b64 T cf_validOwner
00001fd4 T cf_validZone
00000358 T cf_yprompt
00007da8 T checkFileList
000054bc T checkFileLists
00004618 T checkIPFversion
0000700c T cleanUpFiles
         U cuserid
00003e14 T cx_printList
000040b4 T cx_printRowList
         U difftime
00005f58 T dispatchEngine
         U err_buf
         U exit
         U fclose
00009d48 T ff_branch2rec
00009cf4 T ff_bus2rec
00007ad4 T ff_ch_par_qv
000070d4 T ff_curve
00008224 T ff_expList
000082d8 T ff_getList
00009f54 T ff_id2Link
00009124 T ff_limits
00009e28 T ff_rec2branch
00009d20 T ff_rec2bus
00009254 T ff_report
0000a104 T ff_scale
0000a034 T ff_strclr
00008318 T ff_stream2List
0000a074 T ff_strfil
0000a0b4 T ff_strsub
00007c20 T ff_take_como_outg
00009444 T ff_traceName
000094c8 T ff_traceName_
00008ad8 T ff_traces
00007b74 T ff_user_analysis
         U fflush
         U fgets
00006f78 T finalRemarks
00007e84 T findFile
         U fopen
         U fprintf
         U free
000054e0 T getCoMoList
         U getenv
0000429c T initializeTrace
0000459c T instructions
         U localtime
0000413c T main
         U malloc
         U memcmp
         U memcpy
         U memset
00009544 T mf_fprintList
         U modf
00005f18 T openReport
         U pf_cflow_exit
         U pf_cflow_init
         U pf_command
         U pf_init_branch
         U pf_init_bus
         U pf_load_changes
         U pf_load_oldbase
         U pf_rec_a2b
         U pf_rec_b2a
         U pf_rec_branch
         U pf_rec_bus
00009cb8 T printBlanks
00009c60 T printFooter
00009928 T printMainFooter
00009724 T printMainHeader
00006c58 T printPSsetup
00009a34 T printQminData
000099c4 T printQminHeader
0000996c T printSubReport
00005108 T printTrace
00006568 T printXYsetup
         U printf
00004524 T processCommandLine
000046d0 T promptUser
00005e44 T queryContinue
         U reply_pf
         U rewind
         U sprintf
         U sscanf
         U stderr
         U stdin
         U stdout
         U strcat
         U strchr
         U strcmp
         U strcpy
         U strftime
         U strlen
         U strncat
         U strncmp
         U strncpy
         U strpbrk
         U strrchr
00009f08 T strrep
         U strstr
         U strtok
         U system
         U time
         U tolower
         U toupper
         U vfprintf
         U vsprintf
./qvcurve_gen.o
000030b4 D CF_dotStyl
000030a0 D CF_dznStyl
00000004 D CF_hisFile
000000fa C CF_inbuf
000030dc D CF_lisStyl
00000000 D CF_logFile
00001020 D CF_logQFile
00001040 D CF_logQSpec
00000020 D CF_logSpec
00002040 D CF_logZFile
00002060 D CF_logZSpec
00003060 D CF_memCurAlloc
00003064 D CF_memMaxAlloc
00003068 D CF_memTotAlloc
0000306c D CF_memTotFreed
00003078 D CF_oneStyl
000030c8 D CF_recStyl
0000308c D CF_sixStyl
00003070 D CF_time0
00003074 D CF_time1
000030f0 d HdLd.256
00003100 d HdRp.257
         U __ctype_b
00005acc T assembleSteps
00006838 T buildSetup
00008ab8 T buildTrace
         U calloc
00001124 T cf_addLink
000011f4 T cf_appList
000004b4 T cf_aprint
00002520 T cf_branch2rec
000028c8 T cf_branch_l2h
00002434 T cf_bus2rec
00000e14 T cf_calloc
0000165c T cf_cmpBranch
000018f8 T cf_cmpBus
000010f0 T cf_cntLink
00002838 T cf_cntchr
000001c0 T cf_cprompt
0000116c T cf_delLink
000013b4 T cf_delRow
00000290 T cf_dprompt
0000125c T cf_dupList
00000478 T cf_eprint
000004ec T cf_exit
0000375c T cf_fillGroup
00000228 T cf_fprompt
00000e88 T cf_free
000012d4 T cf_freeList
00001374 T cf_freeRow
000023f4 T cf_freeRowList
000030d8 T cf_getLoad
00002b54 T cf_getRating
000026e0 T cf_id2Link
00002ac4 T cf_initOut
00003dcc T cf_insAfter
00003d70 T cf_insBefore
00003be8 T cf_insLink
000002f8 T cf_iprompt
00000fec T cf_isDataFile
00000f9c T cf_isblank
00000eac T cf_iscomment
00000068 T cf_kprompt
00001328 T cf_link2row
000036c4 T cf_link2tagName
00000cfc T cf_logBAD
00000bd4 T cf_logErr
00000c68 T cf_logQuery
000021e4 T cf_logUse
00002174 T cf_malloc
000000dc T cf_mprompt
00001084 T cf_newLink
00000144 T cf_nprompt
00000d90 T cf_openFile
00000784 T cf_parse
00000528 T cf_pfexit
00003108 T cf_printGroup
000032d8 T cf_printLink
000031d0 T cf_printList
00003654 T cf_printTag
00000b38 T cf_query2spec
00002a44 T cf_rec2Link
00002600 T cf_rec2branch
000024ac T cf_rec2bus
0000153c T cf_rec_h2l
0000141c T cf_rec_l2h
00000000 T cf_sprompt
00000564 T cf_stoupper
000005a4 T cf_str2list
00000f4c T cf_str2lower
00000f08 T cf_str2upper
0000075c T cf_strcon
00002884 T cf_strdup
000023a4 T cf_strsub
00000704 T cf_strsuf
000036f4 T cf_tag2link
00001a28 T cf_text2Link
00001aa4 T cf_text2List
00000dd4 T cf_time
00001cc4 T cf_validBasekv
00001b64 T cf_validOwner
00001fd4 T cf_validZone
00000358 T cf_yprompt
000088a4 T checkFileList
0000590c T checkFileLists
000046d8 T checkIPFversion
0000740c T cleanUpFiles
         U cuserid
00003e14 T cx_printList
000040b4 T cx_printRowList
0000b7e8 T de_command
000074d4 T de_curve
00008818 T de_cut_plane
0000b6c8 T de_get_bus
0000b924 T de_get_busList
0000b398 T de_load_changes
0000b308 T de_load_oldbase
0000b764 T de_modify_bus
000081a4 T de_qatv
000082e8 T de_qreserve
0000b884 T de_solution
0000b41c T de_take_brch_outg
0000b4c4 T de_take_como_outg
0000876c T de_user_analysis
00008058 T de_vatq
         U difftime
000063c8 T dispatchEngine
         U err_buf
         U exit
         U fclose
000085b4 T ff_ch_par_qv
000084b8 T ff_ch_par_vq
00008d28 T ff_expList
00008dd8 T ff_getList
0000b9a4 T ff_initReport
00009dd4 T ff_limits
0000b218 T ff_printBlankLines
0000a734 T ff_printCaseHeader
0000a7c8 T ff_printCasePoints
0000a700 T ff_printCaseReport
0000acac T ff_printFlowHeader
0000ad44 T ff_printFlowPoints
0000ac64 T ff_printFlowReport
0000b124 T ff_printMainFooter
0000a144 T ff_printMainHeader
0000b138 T ff_printPageFooter
0000aebc T ff_printQgenHeader
0000b064 T ff_printQgenPoints
0000a390 T ff_printQminHeader
0000a424 T ff_printQminPoints
0000a368 T ff_printQminReport
0000a98c T ff_printQresHeader
0000aa24 T ff_printQresPoints
0000a924 T ff_printQresReport
00009f04 T ff_report
0000b254 T ff_scale
00008e18 T ff_stream2List
00009764 T ff_traces
         U fflush
         U fgets
00007348 T finalRemarks
00008984 T findFile
         U fmod
         U fopen
         U fprintf
         U free
00005930 T getCoMoList
         U getenv
000042c8 T initializeTrace
0000465c T instructions
         U localtime
0000413c T main
         U malloc
         U memcmp
         U memcpy
         U memset
         U modf
0000638c T openReport
         U pf_cflow_exit
         U pf_cflow_init
         U pf_command
         U pf_init_branch
         U pf_init_bus
         U pf_load_changes
         U pf_load_oldbase
         U pf_rec_a2b
         U pf_rec_b2a
         U pf_rec_branch
         U pf_rec_bus
         U pow
0000afa4 T printHdrBuses
0000af54 T printHdrUnits
00007028 T printPSsetup
000054d4 T printTrace
00006938 T printXYsetup
         U printf
000045e4 T processCommandLine
00004790 T promptUser
000062b4 T queryContinue
         U reply_pf
         U rewind
         U sprintf
         U sscanf
         U stderr
         U stdin
         U stdout
         U strcat
         U strchr
         U strcmp
         U strcpy
         U strftime
         U strlen
         U strncat
         U strncmp
         U strncpy
         U strpbrk
         U strrchr
         U strstr
         U strtok
         U system
         U time
         U tolower
00008654 T totalGenData
         U toupper
         U vfprintf
         U vsprintf
./qvp.o
000030b4 D CF_dotStyl
000030a0 D CF_dznStyl
00000004 D CF_hisFile
000000fa C CF_inbuf
000030dc D CF_lisStyl
00000000 D CF_logFile
00001020 D CF_logQFile
00001040 D CF_logQSpec
00000020 D CF_logSpec
00002040 D CF_logZFile
00002060 D CF_logZSpec
00003060 D CF_memCurAlloc
00003064 D CF_memMaxAlloc
00003068 D CF_memTotAlloc
0000306c D CF_memTotFreed
00003078 D CF_oneStyl
000030c8 D CF_recStyl
0000308c D CF_sixStyl
00003070 D CF_time0
00003074 D CF_time1
         U __ctype_b
         U calloc
00001124 T cf_addLink
000011f4 T cf_appList
000004b4 T cf_aprint
00002520 T cf_branch2rec
000028c8 T cf_branch_l2h
00002434 T cf_bus2rec
00000e14 T cf_calloc
0000165c T cf_cmpBranch
000018f8 T cf_cmpBus
000010f0 T cf_cntLink
00002838 T cf_cntchr
000001c0 T cf_cprompt
0000116c T cf_delLink
000013b4 T cf_delRow
00000290 T cf_dprompt
0000125c T cf_dupList
00000478 T cf_eprint
000004ec T cf_exit
0000375c T cf_fillGroup
00000228 T cf_fprompt
00000e88 T cf_free
000012d4 T cf_freeList
00001374 T cf_freeRow
000023f4 T cf_freeRowList
000030d8 T cf_getLoad
00002b54 T cf_getRating
000026e0 T cf_id2Link
00002ac4 T cf_initOut
00003dcc T cf_insAfter
00003d70 T cf_insBefore
00003be8 T cf_insLink
000002f8 T cf_iprompt
00000fec T cf_isDataFile
00000f9c T cf_isblank
00000eac T cf_iscomment
00000068 T cf_kprompt
00001328 T cf_link2row
000036c4 T cf_link2tagName
00000cfc T cf_logBAD
00000bd4 T cf_logErr
00000c68 T cf_logQuery
000021e4 T cf_logUse
00002174 T cf_malloc
000000dc T cf_mprompt
00001084 T cf_newLink
00000144 T cf_nprompt
00000d90 T cf_openFile
00000784 T cf_parse
00000528 T cf_pfexit
00003108 T cf_printGroup
000032d8 T cf_printLink
000031d0 T cf_printList
00003654 T cf_printTag
00000b38 T cf_query2spec
00002a44 T cf_rec2Link
00002600 T cf_rec2branch
000024ac T cf_rec2bus
0000153c T cf_rec_h2l
0000141c T cf_rec_l2h
00000000 T cf_sprompt
00000564 T cf_stoupper
000005a4 T cf_str2list
00000f4c T cf_str2lower
00000f08 T cf_str2upper
0000075c T cf_strcon
00002884 T cf_strdup
000023a4 T cf_strsub
00000704 T cf_strsuf
000036f4 T cf_tag2link
00001a28 T cf_text2Link
00001aa4 T cf_text2List
00000dd4 T cf_time
00001cc4 T cf_validBasekv
00001b64 T cf_validOwner
00001fd4 T cf_validZone
00000358 T cf_yprompt
00003e14 T cx_printList
000040b4 T cx_printRowList
         U difftime
         U exit
         U fclose
         U fgets
         U fopen
         U fprintf
         U free
         U localtime
0000413c T main
         U malloc
         U memcmp
         U memcpy
         U memset
         U modf
         U pf_cflow_exit
         U pf_cflow_init
         U pf_load_oldbase
         U pf_rec_a2b
         U pf_rec_b2a
         U pf_rec_branch
         U pf_solution
         U pf_user_comment
         U pf_user_define
         U pf_user_init_def
         U pf_user_quantity
         U pf_user_sub_def
         U printf
         U rewind
         U sprintf
         U sscanf
         U stderr
         U stdin
         U stdout
         U strcat
         U strchr
         U strcmp
         U strcpy
         U strftime
         U strlen
         U strncat
         U strncmp
         U strpbrk
         U strrchr
         U strstr
         U strtok
         U time
         U tolower
         U toupper
         U vfprintf
         U vsprintf
./see_notes.o
         U __ctype_b
         U gets
00000be4 T in_zones
00000000 T main
         U memset
         U pf_cflow_exit
         U pf_cflow_init
         U pf_init_bus
         U pf_load_oldbase
         U pf_rec_bus
         U pf_solution
         U printf
         U strcmp
         U strcpy
         U strncpy
         U strstr
         U toupper
./capcurve.o
000030b4 D CF_dotStyl
000030a0 D CF_dznStyl
00000004 D CF_hisFile
000000fa C CF_inbuf
000030dc D CF_lisStyl
00000000 D CF_logFile
00001020 D CF_logQFile
00001040 D CF_logQSpec
00000020 D CF_logSpec
00002040 D CF_logZFile
00002060 D CF_logZSpec
00003060 D CF_memCurAlloc
00003064 D CF_memMaxAlloc
00003068 D CF_memTotAlloc
0000306c D CF_memTotFreed
00003078 D CF_oneStyl
000030c8 D CF_recStyl
0000308c D CF_sixStyl
00003070 D CF_time0
00003074 D CF_time1
         U __ctype_b
         U calloc
00001124 T cf_addLink
000011f4 T cf_appList
000004b4 T cf_aprint
00002520 T cf_branch2rec
000028c8 T cf_branch_l2h
00002434 T cf_bus2rec
00000e14 T cf_calloc
0000165c T cf_cmpBranch
000018f8 T cf_cmpBus
000010f0 T cf_cntLink
00002838 T cf_cntchr
000001c0 T cf_cprompt
0000116c T cf_delLink
000013b4 T cf_delRow
00000290 T cf_dprompt
0000125c T cf_dupList
00000478 T cf_eprint
000004ec T cf_exit
0000375c T cf_fillGroup
00000228 T cf_fprompt
00000e88 T cf_free
000012d4 T cf_freeList
00001374 T cf_freeRow
000023f4 T cf_freeRowList
000030d8 T cf_getLoad
00002b54 T cf_getRating
000026e0 T cf_id2Link
00002ac4 T cf_initOut
00003dcc T cf_insAfter
00003d70 T cf_insBefore
00003be8 T cf_insLink
000002f8 T cf_iprompt
00000fec T cf_isDataFile
00000f9c T cf_isblank
00000eac T cf_iscomment
00000068 T cf_kprompt
00001328 T cf_link2row
000036c4 T cf_link2tagName
00000cfc T cf_logBAD
00000bd4 T cf_logErr
00000c68 T cf_logQuery
000021e4 T cf_logUse
00002174 T cf_malloc
000000dc T cf_mprompt
00001084 T cf_newLink
00000144 T cf_nprompt
00000d90 T cf_openFile
00000784 T cf_parse
00000528 T cf_pfexit
00003108 T cf_printGroup
000032d8 T cf_printLink
000031d0 T cf_printList
00003654 T cf_printTag
00000b38 T cf_query2spec
00002a44 T cf_rec2Link
00002600 T cf_rec2branch
000024ac T cf_rec2bus
0000153c T cf_rec_h2l
0000141c T cf_rec_l2h
00000000 T cf_sprompt
00000564 T cf_stoupper
000005a4 T cf_str2list
00000f4c T cf_str2lower
00000f08 T cf_str2upper
0000075c T cf_strcon
00002884 T cf_strdup
000023a4 T cf_strsub
00000704 T cf_strsuf
000036f4 T cf_tag2link
00001a28 T cf_text2Link
00001aa4 T cf_text2List
00000dd4 T cf_time
00001cc4 T cf_validBasekv
00001b64 T cf_validOwner
00001fd4 T cf_validZone
00000358 T cf_yprompt
         U cuserid
00003e14 T cx_printList
000040b4 T cx_printRowList
         U difftime
         U exit
         U fclose
00004968 T ff_expList
00004be4 T ff_limits
00004d94 T ff_report
00004a18 T ff_stream2List
         U fgets
00004904 T finalRemarks
         U fopen
         U fprintf
         U free
00004224 T initializeTrace
000043d8 T instructions
         U localtime
0000413c T main
00004844 T makeCurve
         U malloc
         U memcmp
         U memcpy
         U memset
         U modf
00004778 T openReport
         U pf_cflow_exit
         U pf_rec_a2b
         U pf_rec_b2a
00004604 T printTrace
         U printf
00004360 T processCommandLine
00004414 T promptUser
000047b4 T queryContinue
         U rewind
         U sprintf
         U sscanf
         U stderr
         U stdin
         U stdout
         U strcat
         U strchr
         U strcmp
         U strcpy
         U strftime
         U strlen
         U strncat
         U strncmp
         U strpbrk
         U strrchr
         U strstr
         U strtok
         U time
         U tolower
         U toupper
         U vfprintf
         U vsprintf
./mimic.o
000030b4 D CF_dotStyl
000030a0 D CF_dznStyl
00000004 D CF_hisFile
000000fa C CF_inbuf
000030dc D CF_lisStyl
00000000 D CF_logFile
00001020 D CF_logQFile
00001040 D CF_logQSpec
00000020 D CF_logSpec
00002040 D CF_logZFile
00002060 D CF_logZSpec
00003060 D CF_memCurAlloc
00003064 D CF_memMaxAlloc
00003068 D CF_memTotAlloc
0000306c D CF_memTotFreed
00003078 D CF_oneStyl
000030c8 D CF_recStyl
0000308c D CF_sixStyl
00003070 D CF_time0
00003074 D CF_time1
         U __ctype_b
00006488 T assembleSteps
00007344 T buildBranchList
00007184 T buildBusList
0000d310 T buildTrace
00008dec T calcRating
         U calloc
00001124 T cf_addLink
000011f4 T cf_appList
000004b4 T cf_aprint
00002520 T cf_branch2rec
000028c8 T cf_branch_l2h
00002434 T cf_bus2rec
00000e14 T cf_calloc
0000165c T cf_cmpBranch
000018f8 T cf_cmpBus
000010f0 T cf_cntLink
00002838 T cf_cntchr
000001c0 T cf_cprompt
0000116c T cf_delLink
000013b4 T cf_delRow
00000290 T cf_dprompt
0000125c T cf_dupList
00000478 T cf_eprint
000004ec T cf_exit
0000375c T cf_fillGroup
00000228 T cf_fprompt
00000e88 T cf_free
000012d4 T cf_freeList
00001374 T cf_freeRow
000023f4 T cf_freeRowList
000030d8 T cf_getLoad
00002b54 T cf_getRating
000026e0 T cf_id2Link
00002ac4 T cf_initOut
00003dcc T cf_insAfter
00003d70 T cf_insBefore
00003be8 T cf_insLink
000002f8 T cf_iprompt
00000fec T cf_isDataFile
00000f9c T cf_isblank
00000eac T cf_iscomment
00000068 T cf_kprompt
00001328 T cf_link2row
000036c4 T cf_link2tagName
00000cfc T cf_logBAD
00000bd4 T cf_logErr
00000c68 T cf_logQuery
000021e4 T cf_logUse
00002174 T cf_malloc
000000dc T cf_mprompt
00001084 T cf_newLink
00000144 T cf_nprompt
00000d90 T cf_openFile
00000784 T cf_parse
00000528 T cf_pfexit
00003108 T cf_printGroup
000032d8 T cf_printLink
000031d0 T cf_printList
00003654 T cf_printTag
00000b38 T cf_query2spec
00002a44 T cf_rec2Link
00002600 T cf_rec2branch
000024ac T cf_rec2bus
0000153c T cf_rec_h2l
0000141c T cf_rec_l2h
00000000 T cf_sprompt
00000564 T cf_stoupper
000005a4 T cf_str2list
00000f4c T cf_str2lower
00000f08 T cf_str2upper
0000075c T cf_strcon
00002884 T cf_strdup
000023a4 T cf_strsub
00000704 T cf_strsuf
000036f4 T cf_tag2link
00001a28 T cf_text2Link
00001aa4 T cf_text2List
00000dd4 T cf_time
00001cc4 T cf_validBasekv
00001b64 T cf_validOwner
00001fd4 T cf_validZone
00000358 T cf_yprompt
00008da8 T checkDeltaLoad
000086f4 T checkDeltaTaps
00008918 T checkDeltaVolt
000093c8 T checkFileList
00006438 T checkFileLists
00004690 T checkIPFversion
000089d8 T checkLoad
00006f18 T checkSolution
00008690 T checkTaps
00008978 T checkVolt
0000f654 T cleanUpFiles
         U cuserid
00003e14 T cx_printList
000040b4 T cx_printRowList
000100cc T de_branch_list
00010054 T de_bus_list
0000fea4 T de_check_plot_queue
0000f768 T de_command
0000fb98 T de_comments
0000f894 T de_load_changes
0000f804 T de_load_oldbase
0000fdd8 T de_load_refbase
0000ff88 T de_outage_sim
0000fe68 T de_plot
0000fc48 T de_save_newbase
0000fcd8 T de_solution
0000ff04 T de_submit_plot
0000f920 T de_take_brch_outg
0000f9d4 T de_take_como_outg
00008bb8 T deltaLoadLimit
00008754 T deltaVoltLimit
         U difftime
00006a74 T dispatchEngine
         U err_buf
         U exit
         U fclose
0000d4e8 T ff_expList
0000f314 T ff_insRow
0000e3c8 T ff_limits
0000a978 T ff_printBlankLines
00009ac4 T ff_printChngRecord
00009658 T ff_printFailReport
00009cc8 T ff_printMainHeader
000098e4 T ff_printMainReport
0000a594 T ff_printTrceFooter
0000ea04 T ff_report
0000d598 T ff_stream2List
0000df84 T ff_traces
         U fgets
00006e44 T finalRemarks
000094a4 T findFile
         U fopen
         U fprintf
         U free
00007938 T getBranchRatings
00007844 T getBranchZones
00008198 T getBusKV
000079bc T getBusZones
00008304 T getTaps
00007a94 T getZone
         U getenv
0000f43c T hash
000075e8 T hashBcard
00007548 T hashRcard
00000000 b hashtab
000095d8 T heavy_winter
0000428c T initializeTrace
0000f584 T install
00004614 T instructions
00008a28 T loadLimit
         U localtime
0000f4d8 T lookup
0000413c T main
00009378 T makeNewName
         U malloc
         U memcmp
         U memcpy
         U memset
         U modf
00005b08 T openReport
         U pf_cflow_exit
         U pf_cflow_init
         U pf_command
         U pf_init
         U pf_init_bus
         U pf_load_changes
         U pf_load_oldbase
         U pf_load_refbase
         U pf_plot
         U pf_rec_a2b
         U pf_rec_b2a
         U pf_rec_branch
         U pf_rec_bus
         U pf_rec_comments
         U pf_save_newbase
         U pf_select_base
         U pf_solution
00009be8 T printContents
0000bc58 T printDeltaLineData
0000ad14 T printDeltaLineHeader
0000ce84 T printDeltaTapsData
0000ae64 T printDeltaTapsHeader
0000b138 T printDeltaVoltData
0000aa54 T printDeltaVoltHeader
0000b390 T printDeltaXfmrData
0000ac64 T printDeltaXfmrHeader
0000c14c T printLineData
0000abb4 T printLineHeader
00006d44 T printList
0000afcc T printSolnData
0000a568 T printStep
0000af14 T printSubHeader
00009800 T printSubReport
0000cb84 T printTapsData
0000adc4 T printTapsHeader
00005b58 T printTrace
0000b084 T printVoltData
0000a9b4 T printVoltHeader
0000c4e0 T printXfmrData
0000ab04 T printXfmrHeader
         U printf
00004594 T processCommandLine
00004740 T promptUser
00006994 T queryContinue
         U rewind
         U sprintf
         U sqrt
0000f14c T srtBranch
0000f004 T srtBus
0000ef74 T srtID
0000ef48 T srtRow
         U sscanf
         U stderr
         U stdin
         U stdout
         U strcat
         U strchr
         U strcmp
         U strcpy
         U strftime
         U strlen
         U strncat
         U strncmp
         U strncpy
         U strpbrk
         U strrchr
0000f538 T strrep
         U strstr
         U strtok
00007b70 T stuffBranchList
00008418 T stuffBusList
         U system
         U time
         U tolower
         U toupper
         U vfprintf
00008aa8 T voltLimit
         U vsprintf
./pam.o
000030b4 D CF_dotStyl
000030a0 D CF_dznStyl
00000004 D CF_hisFile
000000fa C CF_inbuf
000030dc D CF_lisStyl
00000000 D CF_logFile
00001020 D CF_logQFile
00001040 D CF_logQSpec
00000020 D CF_logSpec
00002040 D CF_logZFile
00002060 D CF_logZSpec
00003060 D CF_memCurAlloc
00003064 D CF_memMaxAlloc
00003068 D CF_memTotAlloc
0000306c D CF_memTotFreed
00003078 D CF_oneStyl
000030c8 D CF_recStyl
0000308c D CF_sixStyl
00003070 D CF_time0
00003074 D CF_time1
000030f0 D FF_angStyl
00003104 d HdLd.266
00003118 d HdRpAn.267
0000312c d HdRpFl.268
00003140 d HdTl.269
         U __ctype_b
000056bc T assembleSteps
00006808 T buildTrace
         U calloc
00001124 T cf_addLink
000011f4 T cf_appList
000004b4 T cf_aprint
00002520 T cf_branch2rec
000028c8 T cf_branch_l2h
00002434 T cf_bus2rec
00000e14 T cf_calloc
0000165c T cf_cmpBranch
000018f8 T cf_cmpBus
000010f0 T cf_cntLink
00002838 T cf_cntchr
000001c0 T cf_cprompt
0000116c T cf_delLink
000013b4 T cf_delRow
00000290 T cf_dprompt
0000125c T cf_dupList
00000478 T cf_eprint
000004ec T cf_exit
0000375c T cf_fillGroup
00000228 T cf_fprompt
00000e88 T cf_free
000012d4 T cf_freeList
00001374 T cf_freeRow
000023f4 T cf_freeRowList
000030d8 T cf_getLoad
00002b54 T cf_getRating
000026e0 T cf_id2Link
00002ac4 T cf_initOut
00003dcc T cf_insAfter
00003d70 T cf_insBefore
00003be8 T cf_insLink
000002f8 T cf_iprompt
00000fec T cf_isDataFile
00000f9c T cf_isblank
00000eac T cf_iscomment
00000068 T cf_kprompt
00001328 T cf_link2row
000036c4 T cf_link2tagName
00000cfc T cf_logBAD
00000bd4 T cf_logErr
00000c68 T cf_logQuery
000021e4 T cf_logUse
00002174 T cf_malloc
000000dc T cf_mprompt
00001084 T cf_newLink
00000144 T cf_nprompt
00000d90 T cf_openFile
00000784 T cf_parse
00000528 T cf_pfexit
00003108 T cf_printGroup
000032d8 T cf_printLink
000031d0 T cf_printList
00003654 T cf_printTag
00000b38 T cf_query2spec
00002a44 T cf_rec2Link
00002600 T cf_rec2branch
000024ac T cf_rec2bus
0000153c T cf_rec_h2l
0000141c T cf_rec_l2h
00000000 T cf_sprompt
00000564 T cf_stoupper
000005a4 T cf_str2list
00000f4c T cf_str2lower
00000f08 T cf_str2upper
0000075c T cf_strcon
00002884 T cf_strdup
000023a4 T cf_strsub
00000704 T cf_strsuf
000036f4 T cf_tag2link
00001a28 T cf_text2Link
00001aa4 T cf_text2List
00000dd4 T cf_time
0000a31c T cf_topList
00001cc4 T cf_validBasekv
00001b64 T cf_validOwner
00001fd4 T cf_validZone
00000358 T cf_yprompt
000065f8 T checkFileList
00005658 T checkFileLists
00004564 T checkIPFversion
00005f2c T cleanUpFiles
         U cuserid
00003e14 T cx_printList
000040b4 T cx_printRowList
00006114 T de_bus_angle
00009f34 T de_command
00006048 T de_cut_plane
000061a4 T de_get_angle
00006274 T de_highest_load
00009cb4 T de_load_changes
00009c24 T de_load_oldbase
00006448 T de_lowest_PU
00009fd4 T de_solution
00009d38 T de_take_brch_outg
00009e24 T de_take_como_outg
00005f9c T de_user_analysis
         U difftime
00005aa4 T dispatchEngine
         U err_buf
         U exit
         U fclose
0000a174 T ff_cmpLoad
0000a074 T ff_cmpPU
00006a08 T ff_expList
00008ad4 T ff_printAnglHeader
00008b68 T ff_printAnglPoints
00008094 T ff_printAnglReport
00009be8 T ff_printBlankLines
00008954 T ff_printCutpHeader
000089cc T ff_printCutpPoints
00008044 T ff_printCutpReport
0000a2d4 T ff_printErrMessage
00009028 T ff_printHighHeader
0000914c T ff_printHighPoints
00008224 T ff_printHighReport
00008534 T ff_printLineHeader
000085c8 T ff_printLinePoints
00008134 T ff_printLineReport
00008284 T ff_printLoadHeader
00008318 T ff_printLoadPoints
000080e4 T ff_printLoadReport
00009af4 T ff_printMainFooter
00007bb4 T ff_printMainHeader
00007e1c T ff_printOutgHeader
00007eb4 T ff_printOutgPoints
00008008 T ff_printOutgReport
00009b08 T ff_printPageFooter
0000963c T ff_printSummHeader
00009934 T ff_printSummPoints
00009614 T ff_printSummReport
00008ea4 T ff_printVLowHeader
00008f38 T ff_printVLowPoints
000081d4 T ff_printVLowReport
00008d34 T ff_printVoltHeader
00008dc8 T ff_printVoltPoints
00008178 T ff_printVoltReport
00007964 T ff_report
00006ab8 T ff_stream2List
000073c4 T ff_traces
         U fflush
         U fgets
0000567c T fillGroups
00005e78 T finalRemarks
000066d4 T findFile
         U fmod
         U fopen
         U fprintf
         U free
         U getenv
000042a8 T initializeTrace
000044e8 T instructions
         U localtime
0000413c T main
         U malloc
         U memcmp
         U memcpy
         U memset
         U modf
00005a68 T openReport
         U pf_cflow_exit
         U pf_cflow_init
         U pf_command
         U pf_init_branch
         U pf_load_changes
         U pf_load_oldbase
         U pf_rec_a2b
         U pf_rec_b2a
         U pf_rec_branch
         U pf_rec_bus
000097f4 T printTableHeader
0000984c T printTableLabels
0000525c T printTrace
         U printf
00004470 T processCommandLine
0000461c T promptUser
0000597c T queryContinue
         U rewind
         U sprintf
         U sscanf
         U stderr
         U stdin
         U stdout
         U strcat
         U strchr
         U strcmp
         U strcpy
         U strftime
         U strlen
         U strncat
         U strncmp
         U strncpy
         U strpbrk
         U strrchr
         U strstr
         U strtok
         U system
         U time
         U tolower
         U toupper
         U vfprintf
         U vsprintf
./comp_soln.o
         U __ctype_b
         U atof
         U gets
00000000 T main
         U memset
         U pf_cflow_exit
         U pf_cflow_init
         U pf_init_bus
         U pf_load_oldbase
         U pf_rec_bus
         U pf_solution
         U printf
         U sprintf
         U strcpy
         U strstr
         U strtok
         U toupper
./findout.o
000030b4 D CF_dotStyl
000030a0 D CF_dznStyl
00000004 D CF_hisFile
000000fa C CF_inbuf
000030dc D CF_lisStyl
00000000 D CF_logFile
00001020 D CF_logQFile
00001040 D CF_logQSpec
00000020 D CF_logSpec
00002040 D CF_logZFile
00002060 D CF_logZSpec
00003060 D CF_memCurAlloc
00003064 D CF_memMaxAlloc
00003068 D CF_memTotAlloc
0000306c D CF_memTotFreed
00003078 D CF_oneStyl
000030c8 D CF_recStyl
0000308c D CF_sixStyl
00003070 D CF_time0
00003074 D CF_time1
000030f0 D FF_mskStyl
         U __ctype_b
000062c8 T buildMainTable
00007f98 T buildReport
         U calloc
00001124 T cf_addLink
000011f4 T cf_appList
000004b4 T cf_aprint
00002520 T cf_branch2rec
000028c8 T cf_branch_l2h
00002434 T cf_bus2rec
00000e14 T cf_calloc
0000165c T cf_cmpBranch
000018f8 T cf_cmpBus
000010f0 T cf_cntLink
00002838 T cf_cntchr
000001c0 T cf_cprompt
0000116c T cf_delLink
000013b4 T cf_delRow
00000290 T cf_dprompt
0000125c T cf_dupList
00000478 T cf_eprint
000004ec T cf_exit
0000375c T cf_fillGroup
00000228 T cf_fprompt
00000e88 T cf_free
000012d4 T cf_freeList
00001374 T cf_freeRow
000023f4 T cf_freeRowList
000030d8 T cf_getLoad
00002b54 T cf_getRating
000026e0 T cf_id2Link
00002ac4 T cf_initOut
00003dcc T cf_insAfter
00003d70 T cf_insBefore
00003be8 T cf_insLink
000002f8 T cf_iprompt
00000fec T cf_isDataFile
00000f9c T cf_isblank
00000eac T cf_iscomment
00000068 T cf_kprompt
00001328 T cf_link2row
000036c4 T cf_link2tagName
00000cfc T cf_logBAD
00000bd4 T cf_logErr
00000c68 T cf_logQuery
000021e4 T cf_logUse
00002174 T cf_malloc
000000dc T cf_mprompt
00001084 T cf_newLink
00000144 T cf_nprompt
00000d90 T cf_openFile
00000784 T cf_parse
00000528 T cf_pfexit
00003108 T cf_printGroup
000032d8 T cf_printLink
000031d0 T cf_printList
00003654 T cf_printTag
00000b38 T cf_query2spec
00002a44 T cf_rec2Link
00002600 T cf_rec2branch
000024ac T cf_rec2bus
0000153c T cf_rec_h2l
0000141c T cf_rec_l2h
00000000 T cf_sprompt
00000564 T cf_stoupper
000005a4 T cf_str2list
00000f4c T cf_str2lower
00000f08 T cf_str2upper
0000075c T cf_strcon
00002884 T cf_strdup
000023a4 T cf_strsub
00000704 T cf_strsuf
000036f4 T cf_tag2link
00001a28 T cf_text2Link
00001aa4 T cf_text2List
00000dd4 T cf_time
00001cc4 T cf_validBasekv
00001b64 T cf_validOwner
00001fd4 T cf_validZone
00000358 T cf_yprompt
00009068 T chkBranch
000090e4 T chkBranchLog
00006018 T collectData
         U cuserid
00003e14 T cx_printList
000040b4 T cx_printRowList
0000d4fc T date
         U difftime
         U exit
         U fclose
000083e0 T ff_appSoln2Row
00008454 T ff_cmpID
00008574 T ff_cmpName
00008648 T ff_cmpRow
00008518 T ff_cmpType
0000d05c T ff_expList
0000c874 T ff_limits
000095a8 T ff_printBlankLines
000094c8 T ff_printPageFooter
0000cac8 T ff_report
0000d10c T ff_srtBranch
00008a14 T ff_srtBus
00008b74 T ff_srtByInput
00008938 T ff_srtID
00008714 T ff_srtSoln
0000bc44 T ff_stream2List
0000b7e8 T ff_wildBranch
         U fgets
0000610c T finalRemarks
         U fmod
         U fopen
00000000 b format.184
         U fprintf
         U free
         U fseek
         U ftell
00007994 T getBrchOutg
00007284 T getBusvVolt
000078f4 T getCoMoOutg
00007030 T getCoMoRslt
00008cd8 T getIndex
00006744 T getOutgSet
000074b8 T getOvldLoad
00007124 T getSystProb
0000baa8 T hash
000000a0 b hashtab
00007b04 T identifyInput
00004274 T initializeTrace
0000bb98 T install
00006f70 T installResult
0000444c T instructions
         U localtime
0000bb38 T lookup
0000413c T main
         U malloc
         U memcmp
         U memcpy
         U memset
         U modf
000057ec T openReport
00009428 T pageFooter
         U pf_cflow_exit
         U pf_rec_a2b
         U pf_rec_b2a
0000a610 T printBusv
00009df4 T printBusvHeader
0000a824 T printDiff
0000915c T printHeader
000091e4 T printID
0000a8f4 T printLoad
000095e4 T printOtBrHeader
00009894 T printOtBsHeader
0000a1c4 T printOutg
0000a450 T printOvld
00009b44 T printOvldHeader
0000af6c T printProb
00008d7c T printReport
0000932c T printSoln
0000a0a4 T printTableCases
0000a134 T printTableHeader
00005828 T printTrace
0000acd4 T printVolt
         U printf
000043dc T processCommandLine
000044b8 T promptUser
00005f8c T queryContinue
         U rewind
000063f8 T screenProb
         U sprintf
         U sscanf
         U stderr
         U stdin
         U stdout
         U strcat
         U strchr
         U strcmp
         U strcpy
         U strftime
         U strlen
         U strncat
         U strncmp
         U strpbrk
         U strrchr
         U strstr
         U strtok
000082a0 T swapReport
000083b4 T swapRowIdLinks
000061f4 T tableLegend
         U time
         U tolower
         U toupper
0000b258 T validInput
0000b60c T validLoad
0000d2e4 T validMask
0000b20c T validSoln
0000b318 T validVariance
0000b678 T validVolt
         U vfprintf
         U vsprintf
./lineflow.o
000030b4 D CF_dotStyl
000030a0 D CF_dznStyl
00000004 D CF_hisFile
000000fa C CF_inbuf
000030dc D CF_lisStyl
00000000 D CF_logFile
00001020 D CF_logQFile
00001040 D CF_logQSpec
00000020 D CF_logSpec
00002040 D CF_logZFile
00002060 D CF_logZSpec
00003060 D CF_memCurAlloc
00003064 D CF_memMaxAlloc
00003068 D CF_memTotAlloc
0000306c D CF_memTotFreed
00003078 D CF_oneStyl
000030c8 D CF_recStyl
0000308c D CF_sixStyl
00003070 D CF_time0
00003074 D CF_time1
000030f0 d HdLd.190
00003118 d HdLd.194
00003104 d HdRp.191
0000312c d HdRp.195
         U __ctype_b
         U calloc
00001124 T cf_addLink
000011f4 T cf_appList
000004b4 T cf_aprint
00002520 T cf_branch2rec
000028c8 T cf_branch_l2h
00002434 T cf_bus2rec
00000e14 T cf_calloc
0000165c T cf_cmpBranch
000018f8 T cf_cmpBus
000010f0 T cf_cntLink
00002838 T cf_cntchr
000001c0 T cf_cprompt
0000116c T cf_delLink
000013b4 T cf_delRow
00000290 T cf_dprompt
0000125c T cf_dupList
00000478 T cf_eprint
000004ec T cf_exit
0000375c T cf_fillGroup
00000228 T cf_fprompt
00000e88 T cf_free
000012d4 T cf_freeList
00001374 T cf_freeRow
000023f4 T cf_freeRowList
000030d8 T cf_getLoad
00002b54 T cf_getRating
000026e0 T cf_id2Link
00002ac4 T cf_initOut
00003dcc T cf_insAfter
00003d70 T cf_insBefore
00003be8 T cf_insLink
000002f8 T cf_iprompt
00000fec T cf_isDataFile
00000f9c T cf_isblank
00000eac T cf_iscomment
00000068 T cf_kprompt
00001328 T cf_link2row
000036c4 T cf_link2tagName
00000cfc T cf_logBAD
00000bd4 T cf_logErr
00000c68 T cf_logQuery
000021e4 T cf_logUse
00002174 T cf_malloc
000000dc T cf_mprompt
00001084 T cf_newLink
00000144 T cf_nprompt
00000d90 T cf_openFile
00000784 T cf_parse
00000528 T cf_pfexit
00003108 T cf_printGroup
000032d8 T cf_printLink
000031d0 T cf_printList
00003654 T cf_printTag
00000b38 T cf_query2spec
00002a44 T cf_rec2Link
00002600 T cf_rec2branch
000024ac T cf_rec2bus
0000153c T cf_rec_h2l
0000141c T cf_rec_l2h
00000000 T cf_sprompt
00000564 T cf_stoupper
000005a4 T cf_str2list
00000f4c T cf_str2lower
00000f08 T cf_str2upper
0000075c T cf_strcon
00002884 T cf_strdup
000023a4 T cf_strsub
00000704 T cf_strsuf
000036f4 T cf_tag2link
00001a28 T cf_text2Link
00001aa4 T cf_text2List
00000dd4 T cf_time
00001cc4 T cf_validBasekv
00001b64 T cf_validOwner
00001fd4 T cf_validZone
00000358 T cf_yprompt
000044fc T checkIPFversion
000070b8 T cmpLoading
00005214 T collectData
         U cuserid
00003e14 T cx_printList
000040b4 T cx_printRowList
         U difftime
00005644 T displayData
         U exit
         U fclose
00006eb8 T ff_appSoln2Row
00007554 T ff_expList
00006f24 T ff_insRow
00007c98 T ff_limits
000060c8 T ff_printBlankLines
00005fe8 T ff_printPageFooter
00007d4c T ff_report
00007608 T ff_stream2List
00005f58 T ff_tableLegend
         U fgets
00005814 T finalRemarks
         U fmod
         U fopen
         U fprintf
         U free
00006188 T getByBranch
000063bc T getByBus
00006574 T getByNext
00007234 T getIndex
00006c54 T getSoln
000067f4 T getSolnByList
00006b7c T getZones
         U getenv
00004284 T initializeTrace
00004498 T instructions
         U localtime
0000413c T main
         U malloc
         U memcmp
         U memcpy
         U memset
00006908 T mergeRowLists
         U modf
00004d4c T openReport
00005ebc T pageFooter
         U pf_cflow_exit
         U pf_cflow_init
         U pf_init_branch
         U pf_init_bus
         U pf_load_oldbase
         U pf_rec_a2b
         U pf_rec_b2a
         U pf_rec_branch
         U pf_rec_bus
00005aec T printBranch
00005b9c T printFlow
000058d8 T printFlowHeader
000055b4 T printHeader
00005778 T printList
00005dd4 T printLoss
00005994 T printLossHeader
00005404 T printReport
000055f8 T printSoln
00005a48 T printTableHeader
00004d98 T printTrace
         U printf
00004420 T processCommandLine
000045ac T promptUser
00005180 T queryContinue
         U rewind
00006824 T screenSoln
00006770 T screenZone
00006104 T sortBySoln
         U sprintf
00007374 T srtBranch
00007208 T srtByInput
000072ec T srtID
0000704c T srtRow
         U sscanf
         U stderr
         U stdin
         U stdout
         U strcat
         U strchr
         U strcmp
         U strcpy
         U strftime
         U strlen
         U strncat
         U strncmp
         U strncpy
         U strpbrk
         U strrchr
         U strstr
         U strtok
         U time
         U tolower
         U toupper
000066c4 T validBranch
00006898 T validLoad
000069d4 T validMask
00006b5c T validType
         U vfprintf
         U vsprintf
