total 3649
drwxrwxr-x   2 wlp7536  eohb        4608 Aug 31 23:54 .
drwxrwxr-x   8 wlp7536  eohb         512 Aug 31 23:47 ..
-rw-rw-r--   1 wlp7536  eohb       62253 Aug 31 23:50 ACBUSFORM.U;37
-rw-rw-r--   1 wlp7536  eohb       22868 Aug 31 23:50 ACLINEFORM.U;37
-rw-rw-r--   1 wlp7536  eohb        4976 Aug 31 23:48 AI_DATA.C;108
-rw-rw-r--   1 wlp7536  eohb        1234 Aug 31 23:50 AI_DATA.H;102
-rw-rw-r--   1 wlp7536  eohb       29711 Aug 31 23:50 AREASELECT.U;36
-rw-rw-r--   1 wlp7536  eohb        3367 Aug 31 23:48 AUTOSTART.C;112
-rw-rw-r--   1 wlp7536  eohb       32003 Aug 31 23:48 BASE_DATA.C;107
-rw-rw-r--   1 wlp7536  eohb        7959 Aug 31 23:50 BASE_DATA.H;104
-rw-rw-r--   1 wlp7536  eohb        4611 Aug 31 23:50 BASE_OUT.H;106
-rw-rw-r--   1 wlp7536  eohb       33263 Aug 31 23:48 BRANCH.C;43
-rw-rw-r--   1 wlp7536  eohb        1899 Aug 31 23:50 BRANCH.H;102
-rw-rw-r--   1 wlp7536  eohb        2704 Aug 31 23:50 BRANCHP.H;102
-rw-rw-r--   1 wlp7536  eohb       61919 Aug 31 23:50 BUSCOORD.U;36
-rw-rw-r--   1 wlp7536  eohb       25404 Aug 31 23:50 BUSEDITN.U;36
-rw-rw-r--   1 wlp7536  eohb       19967 Aug 31 23:48 BUSFILTER.C;108
-rw-rw-r--   1 wlp7536  eohb         221 Aug 31 23:50 BUSGDGT.H;102
-rw-rw-r--   1 wlp7536  eohb        4616 Aug 31 23:51 BUSHELP.U;90
-rw-rw-r--   1 wlp7536  eohb       19877 Aug 31 23:48 BUSSECT.C;111
-rw-rw-r--   1 wlp7536  eohb       10660 Aug 31 23:51 BUSSECTN.U;104
-rw-rw-r--   1 wlp7536  eohb       49905 Aug 31 23:51 BUS_ICON.U;19
-rw-rw-r--   1 wlp7536  eohb        6134 Aug 31 23:51 CFLOW.U;104
-rw-rw-r--   1 wlp7536  eohb        4454 Aug 31 23:48 CHGDATA.C;105
-rw-rw-r--   1 wlp7536  eohb         454 Aug 31 23:50 CHGDATA.H;102
-rw-rw-r--   1 wlp7536  eohb        2832 Aug 31 23:48 CHGDATATST.C;104
-rw-rw-r--   1 wlp7536  eohb        9175 Aug 31 23:48 CHKENTRY.C;104
-rw-rw-r--   1 wlp7536  eohb         735 Aug 31 23:50 CMDPARSE.H;102
-rw-rw-r--   1 wlp7536  eohb        3236 Aug 31 23:48 CMDPRSGCB.C;104
-rw-rw-r--   1 wlp7536  eohb        3237 Aug 31 23:48 CMDPRSGCU.C;104
-rw-rw-r--   1 wlp7536  eohb        2724 Aug 31 23:50 CMDS_GUI_CB.H;102
-rw-rw-r--   1 wlp7536  eohb        2749 Aug 31 23:50 CMDS_GUI_CU.H;102
-rw-rw-r--   1 wlp7536  eohb       34785 Aug 31 23:51 COLOR.U;40
-rw-rw-r--   1 wlp7536  eohb       21726 Aug 31 23:48 COLOREDIT.C;55
-rw-rw-r--   1 wlp7536  eohb        2405 Aug 31 23:48 COLORX.C;105
-rw-rw-r--   1 wlp7536  eohb       27638 Aug 31 23:51 CONTBUSDIA.U;104
-rw-rw-r--   1 wlp7536  eohb       24628 Aug 31 23:51 CONTFORM.U;108
-rw-rw-r--   1 wlp7536  eohb       11521 Aug 31 23:48 CONVERT.C;1
-rw-rw-r--   1 wlp7536  eohb        9112 Aug 31 23:48 CONVERT_NEW.C;1
-rw-rw-r--   1 wlp7536  eohb       12151 Aug 31 23:50 COORD_DATA.H;104
-rw-rw-r--   1 wlp7536  eohb        2681 Aug 31 23:48 CRTLNLST.C;104
-rw-rw-r--   1 wlp7536  eohb        6000 Aug 31 23:48 CURBUS.C;108
-rw-rw-r--   1 wlp7536  eohb        1949 Aug 31 23:50 CURSORFONT.H;102
-rw-rw-r--   1 wlp7536  eohb        4868 Aug 31 23:50 CURSORS.H;10
-rw-rw-r--   1 wlp7536  eohb        4410 Aug 31 23:48 DARROWXYA.C;84
-rw-rw-r--   1 wlp7536  eohb       27550 Aug 31 23:51 DCBUSFORM.U;105
-rw-rw-r--   1 wlp7536  eohb       30182 Aug 31 23:51 DCLINEFORM.U;104
-rw-rw-r--   1 wlp7536  eohb       27983 Aug 31 23:51 DEBUG_DMGR.U;42
-rw-rw-r--   1 wlp7536  eohb         232 Aug 31 23:50 DEFINE.H;56
-rw-rw-r--   1 wlp7536  eohb        1298 Aug 31 23:51 DEFINE.U;48
-rw-rw-r--   1 wlp7536  eohb        1647 Aug 31 23:48 DEFINES.C;1
-rw-rw-r--   1 wlp7536  eohb        2584 Aug 31 23:48 DISABLE_H.C;88
-rw-rw-r--   1 wlp7536  eohb        7315 Aug 31 23:51 DISPLAY.U;47
-rw-rw-r--   1 wlp7536  eohb       76262 Aug 31 23:48 DMGR.C;104
-rw-rw-r--   1 wlp7536  eohb        3115 Aug 31 23:50 DMGR.H;102
-rw-rw-r--   1 wlp7536  eohb       34508 Aug 31 23:49 DMGRDOC.C;104
-rw-rw-r--   1 wlp7536  eohb        8622 Aug 31 23:49 DRAWCHAR.C;53
-rw-rw-r--   1 wlp7536  eohb       25294 Aug 31 23:49 DRAWGADGET.C;46
-rw-rw-r--   1 wlp7536  eohb        1420 Aug 31 23:50 DRAWGADGET.H;42
-rw-rw-r--   1 wlp7536  eohb        3456 Aug 31 23:50 DRAWGADGETP.H;42
-rw-rw-r--   1 wlp7536  eohb       54508 Aug 31 23:49 E.C;1
-rw-rw-r--   1 wlp7536  eohb       35048 Aug 31 23:49 EDGE.C;159
-rw-rw-r--   1 wlp7536  eohb       72690 Aug 31 23:49 EDGEG.C;132
-rw-rw-r--   1 wlp7536  eohb        3402 Aug 31 23:50 EDGEG.H;107
-rw-rw-r--   1 wlp7536  eohb       14677 Aug 31 23:50 EDGEGP.H;108
-rw-rw-r--   1 wlp7536  eohb       21000 Aug 31 23:49 EDGE_RESEARCH.C;43
-rw-rw-r--   1 wlp7536  eohb        5214 Aug 31 23:49 EM.C;115
-rw-rw-r--   1 wlp7536  eohb         597 Aug 31 23:50 EM.H;101
-rw-rw-r--   1 wlp7536  eohb        2108 Aug 31 23:50 EM_P.H;101
-rw-rw-r--   1 wlp7536  eohb        8729 Aug 31 23:50 EM_P1.H;101
-rw-rw-r--   1 wlp7536  eohb       23151 Aug 31 23:51 EQUIVFORM.U;104
-rw-rw-r--   1 wlp7536  eohb        3729 Aug 31 23:49 ERRDLG.C;87
-rw-rw-r--   1 wlp7536  eohb        3165 Aug 31 23:49 EXECSRV.C;110
-rw-rw-r--   1 wlp7536  eohb       48579 Aug 31 23:49 FILEDLGRTN.C;139
-rw-rw-r--   1 wlp7536  eohb       11358 Aug 31 23:49 FILETEST.C;42
-rw-rw-r--   1 wlp7536  eohb       11921 Aug 31 23:51 FILETEST.UIL;98
-rw-rw-r--   1 wlp7536  eohb         632 Aug 31 23:50 FILE_TEST.H;101
-rw-rw-r--   1 wlp7536  eohb        3450 Aug 31 23:49 FIXVUIT.C;103
-rw-rw-r--   1 wlp7536  eohb        4737 Aug 31 23:49 FM.C;127
-rw-rw-r--   1 wlp7536  eohb         118 Aug 31 23:50 FM.H;105
-rw-rw-r--   1 wlp7536  eohb       27433 Aug 31 23:49 FMTPG.C;108
-rw-rw-r--   1 wlp7536  eohb        3534 Aug 31 23:50 FMTPG.H;101
-rw-rw-r--   1 wlp7536  eohb       28703 Aug 31 23:51 FOPENDIA.U;105
-rw-rw-r--   1 wlp7536  eohb       19179 Aug 31 23:51 FRONTDIA.U;104
-rw-rw-r--   1 wlp7536  eohb       34453 Aug 31 23:51 FSAVEDIA.U;108
-rw-rw-r--   1 wlp7536  eohb         593 Aug 31 23:49 FTEST.C;5
-rw-rw-r--   1 wlp7536  eohb        9784 Aug 31 23:49 GETRPTS.C;103
-rw-rw-r--   1 wlp7536  eohb        5285 Aug 31 23:49 GOIPF.C;103
-rw-rw-r--   1 wlp7536  eohb        5561 Aug 31 23:49 GOTIME.C;63
-rw-rw-r--   1 wlp7536  eohb       17437 Aug 31 23:49 GRAPHBASE.C;42
-rw-rw-r--   1 wlp7536  eohb       20110 Aug 31 23:49 GRAPHCOR.C;44
-rw-rw-r--   1 wlp7536  eohb      102683 Aug 31 23:49 GRAPHDATA.C;141
-rw-rw-r--   1 wlp7536  eohb      104816 Aug 31 23:49 GRAPHPSCOR.C;143
-rw-rw-r--   1 wlp7536  eohb        8498 Aug 31 23:50 GRAPH_DATA.H;105
-rw-rw-r--   1 wlp7536  eohb       53164 Aug 31 23:49 GUI.C;19
-rw-rw-r--   1 wlp7536  eohb       53164 Aug 31 23:49 GUI.C;20
-rw-rw-r--   1 wlp7536  eohb        4194 Aug 31 23:50 GUI.H;254
-rw-rw-r--   1 wlp7536  eohb        1237 Aug 31 23:51 GUI.UIL;107
-rw-rw-r--   1 wlp7536  eohb        2493 Aug 31 23:50 GUI_DATA.H;101
-rw-rw-r--   1 wlp7536  eohb         252 Aug 31 23:49 HELLO.C;1
-rw-rw-r--   1 wlp7536  eohb         632 Aug 31 23:50 HELP.H;101
-rw-rw-r--   1 wlp7536  eohb       27624 Aug 31 23:51 HELP.U;107
-rw-rw-r--   1 wlp7536  eohb       13510 Aug 31 23:49 HELP_CB.C;103
-rw-rw-r--   1 wlp7536  eohb       18511 Aug 31 23:51 ICONS.U;103
-rw-rw-r--   1 wlp7536  eohb        3460 Aug 31 23:49 INITWIN.C;103
-rw-rw-r--   1 wlp7536  eohb        6565 Aug 31 23:49 IPCCLIENT.C;103
-rw-rw-r--   1 wlp7536  eohb        3623 Aug 31 23:49 IPCCLNTSHL.C;103
-rw-rw-r--   1 wlp7536  eohb        2408 Aug 31 23:49 IPCSRVSTBS.C;103
-rw-rw-r--   1 wlp7536  eohb       24179 Aug 31 23:51 IPCWINDOW.U;103
-rw-rw-r--   1 wlp7536  eohb       19077 Aug 31 23:49 IPC_CB.C;9
-rw-rw-r--   1 wlp7536  eohb        5912 Aug 31 23:49 IPC_COM.C;10
-rw-rw-r--   1 wlp7536  eohb        7281 Aug 31 23:49 IPC_DNET.C;10
-rw-rw-r--   1 wlp7536  eohb       10150 Aug 31 23:49 IPC_INET.C;10
-rw-rw-r--   1 wlp7536  eohb        1266 Aug 31 23:49 IPC_SA.C;59
-rw-rw-r--   1 wlp7536  eohb        8137 Aug 31 23:49 IPC_UNIX.C;10
-rw-rw-r--   1 wlp7536  eohb        8151 Aug 31 23:49 IPC_VMS.C;10
-rw-rw-r--   1 wlp7536  eohb        7679 Aug 31 23:50 IPFCURSOR.H;9
-rw-rw-r--   1 wlp7536  eohb        8308 Aug 31 23:50 IPFCURSORS.H;102
-rw-rw-r--   1 wlp7536  eohb       10405 Aug 31 23:50 IPFCURSORS_NT.H;63
-rw-rw-r--   1 wlp7536  eohb         773 Aug 31 23:50 IPFDEBUG.H;67
-rw-rw-r--   1 wlp7536  eohb        9377 Aug 31 23:49 IPFDEFINE.C;55
-rw-rw-r--   1 wlp7536  eohb        8162 Aug 31 23:51 IPFREPORT.U;104
-rw-rw-r--   1 wlp7536  eohb         627 Aug 31 23:50 IPF_IPC.H;58
-rw-rw-r--   1 wlp7536  eohb        9247 Aug 31 23:49 IPF_RSRC.C;108
-rw-rw-r--   1 wlp7536  eohb        5774 Aug 31 23:50 IPF_RSRC.H;101
-rw-rw-r--   1 wlp7536  eohb       12038 Aug 31 23:49 ISVALIDP.C;103
-rw-rw-r--   1 wlp7536  eohb        3779 Aug 31 23:49 IS_FLOAT.C;103
-rw-rw-r--   1 wlp7536  eohb        2136 Aug 31 23:49 ITOA.C;103
-rw-rw-r--   1 wlp7536  eohb        2472 Aug 31 23:49 LAUNCH_SRV.C;49
-rw-rw-r--   1 wlp7536  eohb        5252 Aug 31 23:49 LINE2RECT.C;103
-rw-rw-r--   1 wlp7536  eohb         392 Aug 31 23:50 LINE2RECT.H;101
-rw-rw-r--   1 wlp7536  eohb       19352 Aug 31 23:49 LINETAP.C;110
-rw-rw-r--   1 wlp7536  eohb       13201 Aug 31 23:51 LINETAP.U;103
-rw-rw-r--   1 wlp7536  eohb        6853 Aug 31 23:49 LINETAP2.C;98
-rw-rw-r--   1 wlp7536  eohb        7576 Aug 31 23:51 LINETAP2.U;96
-rw-rw-r--   1 wlp7536  eohb       59360 Aug 31 23:49 LINEZCALC.C;104
-rw-rw-r--   1 wlp7536  eohb       82790 Aug 31 23:51 LINEZCALC.U;104
-rw-rw-r--   1 wlp7536  eohb       34176 Aug 31 23:51 MAIN.U;122
-rw-rw-r--   1 wlp7536  eohb       22929 Aug 31 23:51 MENU_BAR.U;13
-rw-rw-r--   1 wlp7536  eohb       16117 Aug 31 23:49 NETWORKEDT.C;65
-rw-rw-r--   1 wlp7536  eohb       28304 Aug 31 23:51 NETWORKEDT.U;65
-rw-rw-r--   1 wlp7536  eohb        3434 Aug 31 23:49 NEW_PROCESS.C;70
-rw-rw-r--   1 wlp7536  eohb        2277 Aug 31 23:49 OPENFILES.C;103
-rw-rw-r--   1 wlp7536  eohb         145 Aug 31 23:51 OPTMENU.U;17
-rw-rw-r--   1 wlp7536  eohb       59398 Aug 31 23:53 PFMASTER.POST;6
-rw-rw-r--   1 wlp7536  eohb      129579 Aug 31 23:49 PF_CB.C;166
-rw-rw-r--   1 wlp7536  eohb        8805 Aug 31 23:49 PF_DESCRIP.C;88
-rw-rw-r--   1 wlp7536  eohb        9232 Aug 31 23:51 PF_DESCRIP.U;89
-rw-rw-r--   1 wlp7536  eohb      153870 Aug 31 23:51 PIXMAPS.U;108
-rw-rw-r--   1 wlp7536  eohb       14439 Aug 31 23:51 PQCRVFORM.U;103
-rw-rw-r--   1 wlp7536  eohb       21867 Aug 31 23:49 PQCURVE.C;103
-rw-rw-r--   1 wlp7536  eohb       79356 Aug 31 23:51 PRINTOPT.U;107
-rw-rw-r--   1 wlp7536  eohb       38293 Aug 31 23:49 PRINTOPTS.C;122
-rw-rw-r--   1 wlp7536  eohb       13866 Aug 31 23:51 PROCS.U;112
-rw-rw-r--   1 wlp7536  eohb       97130 Aug 31 23:49 PSCORDAT.C;148
-rw-rw-r--   1 wlp7536  eohb        1755 Aug 31 23:49 RANDOM.C;103
-rw-rw-r--   1 wlp7536  eohb       11394 Aug 31 23:49 REFORMAT.C;106
-rw-rw-r--   1 wlp7536  eohb       26224 Aug 31 23:51 REGXFMR.U;103
-rw-rw-r--   1 wlp7536  eohb       41299 Aug 31 23:51 REPORTDIA.U;111
-rw-rw-r--   1 wlp7536  eohb       38118 Aug 31 23:49 REPORTS.C;94
-rw-rw-r--   1 wlp7536  eohb       52667 Aug 31 23:49 SAFE_GUI.C;1
-rw-rw-r--   1 wlp7536  eohb      151621 Aug 31 23:49 SELECTION.C;129
-rw-rw-r--   1 wlp7536  eohb        1954 Aug 31 23:49 SHIFT_STR.C;103
-rw-rw-r--   1 wlp7536  eohb        2042 Aug 31 23:49 SLCTBUS.C;103
-rw-rw-r--   1 wlp7536  eohb       41467 Aug 31 23:49 SLCTDMO.C;42
-rw-rw-r--   1 wlp7536  eohb       38999 Aug 31 23:51 SOLVE.U;105
-rw-rw-r--   1 wlp7536  eohb       20136 Aug 31 23:51 STATDIA.U;103
-rw-rw-r--   1 wlp7536  eohb        5323 Aug 31 23:49 STDLIB_EXT.C;103
-rw-rw-r--   1 wlp7536  eohb        3234 Aug 31 23:49 STRINGPART.C;103
-rw-rw-r--   1 wlp7536  eohb        1626 Aug 31 23:49 STR_UTIL.C;102
-rw-rw-r--   1 wlp7536  eohb        6711 Aug 31 23:49 SUBSTATION.C;103
-rw-rw-r--   1 wlp7536  eohb        1566 Aug 31 23:50 SUBSTATION.H;101
-rw-rw-r--   1 wlp7536  eohb       20581 Aug 31 23:51 SWRREAC.U;103
-rw-rw-r--   1 wlp7536  eohb        3156 Aug 31 23:49 SYSTEMTEST.C;71
-rw-rw-r--   1 wlp7536  eohb        6202 Aug 31 23:51 SYSTEMTEST.U;73
-rw-rw-r--   1 wlp7536  eohb       50293 Aug 31 23:49 TOOLBOX.C;131
-rw-rw-r--   1 wlp7536  eohb       22990 Aug 31 23:49 TOOLMOVE.C;57
-rw-rw-r--   1 wlp7536  eohb       33167 Aug 31 23:51 TOOLS.U;105
-rw-rw-r--   1 wlp7536  eohb        2551 Aug 31 23:49 TRIM.C;69
-rw-rw-r--   1 wlp7536  eohb        2129 Aug 31 23:49 TSTIPC.C;101
-rw-rw-r--   1 wlp7536  eohb        1145 Aug 31 23:50 TYPES_FDS.H;76
-rw-rw-r--   1 wlp7536  eohb        7053 Aug 31 23:50 TYPES_VMS.H;4
-rw-rw-r--   1 wlp7536  eohb        4377 Aug 31 23:49 USCANC.C;103
-rw-rw-r--   1 wlp7536  eohb       23187 Aug 31 23:49 UTILS.C;105
-rw-rw-r--   1 wlp7536  eohb       16346 Aug 31 23:49 UTILS_DB.C;45
-rw-rw-r--   1 wlp7536  eohb        7005 Aug 31 23:51 VALUES.U;105
-rw-rw-r--   1 wlp7536  eohb       24345 Aug 31 23:49 VERTEX.C;117
-rw-rw-r--   1 wlp7536  eohb       25448 Aug 31 23:51 XFMRDIA.U;103
-rw-rw-r--   1 wlp7536  eohb       26374 Aug 31 23:52 XGUI.;107
-rw-rw-r--   1 wlp7536  eohb        6362 Aug 31 23:53 XGUI.DAT;1
-rw-rw-r--   1 wlp7536  eohb           0 Aug 31 23:54 dir.lis
