ls -al main.u*
ls -al procs.u*
ls -al values.u*
ls -al menu_bar.u*
ls -al bus_icon.u*
ls -al debug_dmgr.u*
ls -al display.u*
ls -al define.u*
ls -al areaselect.u*
ls -al bussectn.u*
ls -al buseditn.u*
ls -al buscoord.u*
ls -al cflow.u*
ls -al color.u*
ls -al fopendia.u*
ls -al frontdia.u*
ls -al fsavedia.u*
ls -al help.u*
ls -al ipcwindow.u*
ls -al ipfreport.u*
ls -al linetap.u*
ls -al linetap2.u*
ls -al linezcalc.u*
ls -al pixmaps.u*
ls -al pqcrvform.u*
ls -al printopt.u*
ls -al regxfmr.u*
ls -al reportdia.u*
ls -al solve.u*
ls -al bushelp.u*
ls -al pf_descrip.u*
ls -al networkedt.u*
ls -al tools.u*
ls -al systemtest.u*
ls -al acbusform.u*
ls -al aclineform.u*
ls -al swrreac.u*
ls -al xfmrdia.u*
ls -al contform.u*
ls -al dcbusform.u*
ls -al dclineform.u*
ls -al equivform.u*
